Copyright 1986-2018 Xilinx, Inc. All Rights Reserved.
--------------------------------------------------------------------------------------------------------------------------------------------------------------
| Tool Version : Vivado v.2018.3 (lin64) Build 2405991 Thu Dec  6 23:36:41 MST 2018
| Date         : Sun Sep  6 09:59:22 2020
| Host         : DESKTOP-VO2BSI1 running 64-bit Ubuntu 18.04.4 LTS
| Command      : report_methodology -file fpga_top_methodology_drc_routed.rpt -pb fpga_top_methodology_drc_routed.pb -rpx fpga_top_methodology_drc_routed.rpx
| Design       : fpga_top
| Device       : xc7a35ticsg324-1L
| Speed File   : -1L
| Design State : Fully Routed
--------------------------------------------------------------------------------------------------------------------------------------------------------------

Report Methodology

Table of Contents
-----------------
1. REPORT SUMMARY
2. REPORT DETAILS

1. REPORT SUMMARY
-----------------
            Netlist: netlist
          Floorplan: checkpoint_fpga_top
      Design limits: <entire design considered>
             Max violations: <unlimited>
             Violations found: 361
+-----------+----------+-------------------------------------+------------+
| Rule      | Severity | Description                         | Violations |
+-----------+----------+-------------------------------------+------------+
| LUTAR-1   | Warning  | LUT drives async reset alert        | 11         |
| SYNTH-15  | Warning  | Byte wide write enable not inferred | 32         |
| TIMING-14 | Warning  | LUT on the clock tree               | 6          |
| TIMING-17 | Warning  | Non-clocked sequential cell         | 312        |
+-----------+----------+-------------------------------------+------------+

2. REPORT DETAILS
-----------------
LUTAR-1#1 Warning
LUT drives async reset alert  
LUT cell core/debug_module/dm_reset/abst_data_0[27]_i_2, with 2 or more inputs, drives asynchronous preset/clear pin(s) core/debug_module/abst_data_0_reg[0]/CLR, core/debug_module/abst_data_0_reg[10]/CLR, core/debug_module/abst_data_0_reg[11]/CLR, core/debug_module/abst_data_0_reg[12]/CLR, core/debug_module/abst_data_0_reg[13]/CLR, core/debug_module/abst_data_0_reg[14]/CLR, core/debug_module/abst_data_0_reg[15]/CLR, core/debug_module/abst_data_0_reg[16]/CLR, core/debug_module/abst_data_0_reg[17]/CLR, core/debug_module/abst_data_0_reg[18]/CLR, core/debug_module/abst_data_0_reg[19]/CLR, core/debug_module/abst_data_0_reg[1]/CLR, core/debug_module/abst_data_0_reg[20]/CLR, core/debug_module/abst_data_0_reg[21]/CLR, core/debug_module/abst_data_0_reg[22]/CLR (the first 15 of 123 listed). The LUT may glitch and trigger an unexpected reset, even if it is a properly timed path.
Related violations: <none>

LUTAR-1#2 Warning
LUT drives async reset alert  
LUT cell core/debug_module/dm_reset/abst_data_4[28]_i_1, with 2 or more inputs, drives asynchronous preset/clear pin(s) core/debug_module/abst_data_10_reg[30]/CLR, core/debug_module/abst_data_10_reg[31]/CLR, core/debug_module/abst_data_11_reg[31]/CLR, core/debug_module/abst_data_4_reg[0]/CLR, core/debug_module/abst_data_4_reg[10]/CLR, core/debug_module/abst_data_4_reg[11]/CLR, core/debug_module/abst_data_4_reg[12]/CLR, core/debug_module/abst_data_4_reg[13]/CLR, core/debug_module/abst_data_4_reg[14]/CLR, core/debug_module/abst_data_4_reg[15]/CLR, core/debug_module/abst_data_4_reg[16]/CLR, core/debug_module/abst_data_4_reg[17]/CLR, core/debug_module/abst_data_4_reg[18]/CLR, core/debug_module/abst_data_4_reg[19]/CLR, core/debug_module/abst_data_4_reg[1]/CLR (the first 15 of 123 listed). The LUT may glitch and trigger an unexpected reset, even if it is a properly timed path.
Related violations: <none>

LUTAR-1#3 Warning
LUT drives async reset alert  
LUT cell core/debug_module/dm_reset/ackHaveReset_i_2, with 2 or more inputs, drives asynchronous preset/clear pin(s) core/debug_module/abst_ar_cmdType_reg[0]/CLR, core/debug_module/abst_ar_cmdType_reg[1]/CLR, core/debug_module/abst_ar_cmdType_reg[2]/CLR, core/debug_module/abst_ar_cmdType_reg[3]/CLR, core/debug_module/abst_ar_cmdType_reg[4]/CLR, core/debug_module/abst_ar_cmdType_reg[5]/CLR, core/debug_module/abst_ar_cmdType_reg[6]/CLR, core/debug_module/abst_ar_cmdType_reg[7]/CLR, core/debug_module/abst_ar_transfer_reg/CLR, core/debug_module/abst_data_0_reg[28]/CLR, core/debug_module/abst_data_0_reg[29]/CLR, core/debug_module/abst_data_0_reg[30]/CLR, core/debug_module/abst_data_0_reg[31]/CLR, core/debug_module/abst_data_1_reg[28]/CLR, core/debug_module/abst_data_1_reg[29]/CLR (the first 15 of 123 listed). The LUT may glitch and trigger an unexpected reset, even if it is a properly timed path.
Related violations: <none>

LUTAR-1#4 Warning
LUT drives async reset alert  
LUT cell core/debug_module/dm_reset/nDMReset_i_2, with 2 or more inputs, drives asynchronous preset/clear pin(s) core/debug_module/abst_ar_aarPostIncrement_reg/CLR, core/debug_module/abst_ar_aarSize_reg[0]/CLR, core/debug_module/abst_ar_aarSize_reg[1]/CLR, core/debug_module/abst_ar_aarSize_reg[2]/CLR, core/debug_module/abst_ar_regno_reg[0]/CLR, core/debug_module/abst_ar_regno_reg[10]/CLR, core/debug_module/abst_ar_regno_reg[11]/CLR, core/debug_module/abst_ar_regno_reg[12]/CLR, core/debug_module/abst_ar_regno_reg[13]/CLR, core/debug_module/abst_ar_regno_reg[14]/CLR, core/debug_module/abst_ar_regno_reg[15]/CLR, core/debug_module/abst_ar_regno_reg[1]/CLR, core/debug_module/abst_ar_regno_reg[2]/CLR, core/debug_module/abst_ar_regno_reg[3]/CLR, core/debug_module/abst_ar_regno_reg[4]/CLR (the first 15 of 123 listed). The LUT may glitch and trigger an unexpected reset, even if it is a properly timed path.
Related violations: <none>

LUTAR-1#5 Warning
LUT drives async reset alert  
LUT cell core/debug_module/dm_reset/setResetHaltRequest_i_1, with 2 or more inputs, drives asynchronous preset/clear pin(s) core/debug_module/abst_data_10_reg[0]/CLR, core/debug_module/abst_data_10_reg[10]/CLR, core/debug_module/abst_data_10_reg[11]/CLR, core/debug_module/abst_data_10_reg[12]/CLR, core/debug_module/abst_data_10_reg[13]/CLR, core/debug_module/abst_data_10_reg[14]/CLR, core/debug_module/abst_data_10_reg[15]/CLR, core/debug_module/abst_data_10_reg[16]/CLR, core/debug_module/abst_data_10_reg[17]/CLR, core/debug_module/abst_data_10_reg[18]/CLR, core/debug_module/abst_data_10_reg[19]/CLR, core/debug_module/abst_data_10_reg[1]/CLR, core/debug_module/abst_data_10_reg[20]/CLR, core/debug_module/abst_data_10_reg[21]/CLR, core/debug_module/abst_data_10_reg[22]/CLR (the first 15 of 126 listed). The LUT may glitch and trigger an unexpected reset, even if it is a properly timed path.
Related violations: <none>

LUTAR-1#6 Warning
LUT drives async reset alert  
LUT cell core/pwm_cluster/pwm0/pwm_control_reset/rstSync/pwm_pwm_output_i_2, with 2 or more inputs, drives asynchronous preset/clear pin(s) core/pwm_cluster/pwm0/pwm_pwm_output_reg/CLR, core/pwm_cluster/pwm0/pwm_rg_counter_reg[0]/CLR, core/pwm_cluster/pwm0/pwm_rg_counter_reg[10]/CLR, core/pwm_cluster/pwm0/pwm_rg_counter_reg[11]/CLR, core/pwm_cluster/pwm0/pwm_rg_counter_reg[12]/CLR, core/pwm_cluster/pwm0/pwm_rg_counter_reg[13]/CLR, core/pwm_cluster/pwm0/pwm_rg_counter_reg[14]/CLR, core/pwm_cluster/pwm0/pwm_rg_counter_reg[15]/CLR, core/pwm_cluster/pwm0/pwm_rg_counter_reg[1]/CLR, core/pwm_cluster/pwm0/pwm_rg_counter_reg[2]/CLR, core/pwm_cluster/pwm0/pwm_rg_counter_reg[3]/CLR, core/pwm_cluster/pwm0/pwm_rg_counter_reg[4]/CLR, core/pwm_cluster/pwm0/pwm_rg_counter_reg[5]/CLR, core/pwm_cluster/pwm0/pwm_rg_counter_reg[6]/CLR, core/pwm_cluster/pwm0/pwm_rg_counter_reg[7]/CLR (the first 15 of 25 listed). The LUT may glitch and trigger an unexpected reset, even if it is a properly timed path.
Related violations: <none>

LUTAR-1#7 Warning
LUT drives async reset alert  
LUT cell core/pwm_cluster/pwm1/pwm_control_reset/rstSync/pwm_pwm_output_i_2__0, with 2 or more inputs, drives asynchronous preset/clear pin(s) core/pwm_cluster/pwm1/pwm_pwm_output_reg/CLR, core/pwm_cluster/pwm1/pwm_rg_counter_reg[0]/CLR, core/pwm_cluster/pwm1/pwm_rg_counter_reg[10]/CLR, core/pwm_cluster/pwm1/pwm_rg_counter_reg[11]/CLR, core/pwm_cluster/pwm1/pwm_rg_counter_reg[12]/CLR, core/pwm_cluster/pwm1/pwm_rg_counter_reg[13]/CLR, core/pwm_cluster/pwm1/pwm_rg_counter_reg[14]/CLR, core/pwm_cluster/pwm1/pwm_rg_counter_reg[15]/CLR, core/pwm_cluster/pwm1/pwm_rg_counter_reg[1]/CLR, core/pwm_cluster/pwm1/pwm_rg_counter_reg[2]/CLR, core/pwm_cluster/pwm1/pwm_rg_counter_reg[3]/CLR, core/pwm_cluster/pwm1/pwm_rg_counter_reg[4]/CLR, core/pwm_cluster/pwm1/pwm_rg_counter_reg[5]/CLR, core/pwm_cluster/pwm1/pwm_rg_counter_reg[6]/CLR, core/pwm_cluster/pwm1/pwm_rg_counter_reg[7]/CLR (the first 15 of 25 listed). The LUT may glitch and trigger an unexpected reset, even if it is a properly timed path.
Related violations: <none>

LUTAR-1#8 Warning
LUT drives async reset alert  
LUT cell core/pwm_cluster/pwm2/pwm_control_reset/rstSync/pwm_pwm_output_i_2__1, with 2 or more inputs, drives asynchronous preset/clear pin(s) core/pwm_cluster/pwm2/pwm_pwm_output_reg/CLR, core/pwm_cluster/pwm2/pwm_rg_counter_reg[0]/CLR, core/pwm_cluster/pwm2/pwm_rg_counter_reg[10]/CLR, core/pwm_cluster/pwm2/pwm_rg_counter_reg[11]/CLR, core/pwm_cluster/pwm2/pwm_rg_counter_reg[12]/CLR, core/pwm_cluster/pwm2/pwm_rg_counter_reg[13]/CLR, core/pwm_cluster/pwm2/pwm_rg_counter_reg[14]/CLR, core/pwm_cluster/pwm2/pwm_rg_counter_reg[15]/CLR, core/pwm_cluster/pwm2/pwm_rg_counter_reg[1]/CLR, core/pwm_cluster/pwm2/pwm_rg_counter_reg[2]/CLR, core/pwm_cluster/pwm2/pwm_rg_counter_reg[3]/CLR, core/pwm_cluster/pwm2/pwm_rg_counter_reg[4]/CLR, core/pwm_cluster/pwm2/pwm_rg_counter_reg[5]/CLR, core/pwm_cluster/pwm2/pwm_rg_counter_reg[6]/CLR, core/pwm_cluster/pwm2/pwm_rg_counter_reg[7]/CLR (the first 15 of 25 listed). The LUT may glitch and trigger an unexpected reset, even if it is a properly timed path.
Related violations: <none>

LUTAR-1#9 Warning
LUT drives async reset alert  
LUT cell core/pwm_cluster/pwm3/pwm_control_reset/rstSync/pwm_pwm_output_i_2__2, with 2 or more inputs, drives asynchronous preset/clear pin(s) core/pwm_cluster/pwm3/pwm_pwm_output_reg/CLR, core/pwm_cluster/pwm3/pwm_rg_counter_reg[0]/CLR, core/pwm_cluster/pwm3/pwm_rg_counter_reg[10]/CLR, core/pwm_cluster/pwm3/pwm_rg_counter_reg[11]/CLR, core/pwm_cluster/pwm3/pwm_rg_counter_reg[12]/CLR, core/pwm_cluster/pwm3/pwm_rg_counter_reg[13]/CLR, core/pwm_cluster/pwm3/pwm_rg_counter_reg[14]/CLR, core/pwm_cluster/pwm3/pwm_rg_counter_reg[15]/CLR, core/pwm_cluster/pwm3/pwm_rg_counter_reg[1]/CLR, core/pwm_cluster/pwm3/pwm_rg_counter_reg[2]/CLR, core/pwm_cluster/pwm3/pwm_rg_counter_reg[3]/CLR, core/pwm_cluster/pwm3/pwm_rg_counter_reg[4]/CLR, core/pwm_cluster/pwm3/pwm_rg_counter_reg[5]/CLR, core/pwm_cluster/pwm3/pwm_rg_counter_reg[6]/CLR, core/pwm_cluster/pwm3/pwm_rg_counter_reg[7]/CLR (the first 15 of 25 listed). The LUT may glitch and trigger an unexpected reset, even if it is a properly timed path.
Related violations: <none>

LUTAR-1#10 Warning
LUT drives async reset alert  
LUT cell core/pwm_cluster/pwm4/pwm_control_reset/rstSync/pwm_pwm_output_i_2__3, with 2 or more inputs, drives asynchronous preset/clear pin(s) core/pwm_cluster/pwm4/pwm_pwm_output_reg/CLR, core/pwm_cluster/pwm4/pwm_rg_counter_reg[0]/CLR, core/pwm_cluster/pwm4/pwm_rg_counter_reg[10]/CLR, core/pwm_cluster/pwm4/pwm_rg_counter_reg[11]/CLR, core/pwm_cluster/pwm4/pwm_rg_counter_reg[12]/CLR, core/pwm_cluster/pwm4/pwm_rg_counter_reg[13]/CLR, core/pwm_cluster/pwm4/pwm_rg_counter_reg[14]/CLR, core/pwm_cluster/pwm4/pwm_rg_counter_reg[15]/CLR, core/pwm_cluster/pwm4/pwm_rg_counter_reg[1]/CLR, core/pwm_cluster/pwm4/pwm_rg_counter_reg[2]/CLR, core/pwm_cluster/pwm4/pwm_rg_counter_reg[3]/CLR, core/pwm_cluster/pwm4/pwm_rg_counter_reg[4]/CLR, core/pwm_cluster/pwm4/pwm_rg_counter_reg[5]/CLR, core/pwm_cluster/pwm4/pwm_rg_counter_reg[6]/CLR, core/pwm_cluster/pwm4/pwm_rg_counter_reg[7]/CLR (the first 15 of 25 listed). The LUT may glitch and trigger an unexpected reset, even if it is a properly timed path.
Related violations: <none>

LUTAR-1#11 Warning
LUT drives async reset alert  
LUT cell core/pwm_cluster/pwm5/pwm_control_reset/rstSync/pwm_pwm_output_i_2__4, with 2 or more inputs, drives asynchronous preset/clear pin(s) core/pwm_cluster/pwm5/pwm_pwm_output_reg/CLR, core/pwm_cluster/pwm5/pwm_rg_counter_reg[0]/CLR, core/pwm_cluster/pwm5/pwm_rg_counter_reg[10]/CLR, core/pwm_cluster/pwm5/pwm_rg_counter_reg[11]/CLR, core/pwm_cluster/pwm5/pwm_rg_counter_reg[12]/CLR, core/pwm_cluster/pwm5/pwm_rg_counter_reg[13]/CLR, core/pwm_cluster/pwm5/pwm_rg_counter_reg[14]/CLR, core/pwm_cluster/pwm5/pwm_rg_counter_reg[15]/CLR, core/pwm_cluster/pwm5/pwm_rg_counter_reg[1]/CLR, core/pwm_cluster/pwm5/pwm_rg_counter_reg[2]/CLR, core/pwm_cluster/pwm5/pwm_rg_counter_reg[3]/CLR, core/pwm_cluster/pwm5/pwm_rg_counter_reg[4]/CLR, core/pwm_cluster/pwm5/pwm_rg_counter_reg[5]/CLR, core/pwm_cluster/pwm5/pwm_rg_counter_reg[6]/CLR, core/pwm_cluster/pwm5/pwm_rg_counter_reg[7]/CLR (the first 15 of 25 listed). The LUT may glitch and trigger an unexpected reset, even if it is a properly timed path.
Related violations: <none>

SYNTH-15#1 Warning
Byte wide write enable not inferred  
Byte wide write enable (BWWE) is not inferred for Block RAM core/mem_dut_dmemMSB/portb_we[1].RAM_reg_0_0_0 because address width (15) is more than optimal threshold of 12. Implementing using BWWE will require more logic and timing would be suboptimal. Please use attribute "ram_decomp = power" if BWWE is desired..
Related violations: <none>

SYNTH-15#2 Warning
Byte wide write enable not inferred  
Byte wide write enable (BWWE) is not inferred for Block RAM core/mem_dut_dmemMSB/portb_we[1].RAM_reg_0_0_1 because address width (15) is more than optimal threshold of 12. Implementing using BWWE will require more logic and timing would be suboptimal. Please use attribute "ram_decomp = power" if BWWE is desired..
Related violations: <none>

SYNTH-15#3 Warning
Byte wide write enable not inferred  
Byte wide write enable (BWWE) is not inferred for Block RAM core/mem_dut_dmemMSB/portb_we[1].RAM_reg_0_0_2 because address width (15) is more than optimal threshold of 12. Implementing using BWWE will require more logic and timing would be suboptimal. Please use attribute "ram_decomp = power" if BWWE is desired..
Related violations: <none>

SYNTH-15#4 Warning
Byte wide write enable not inferred  
Byte wide write enable (BWWE) is not inferred for Block RAM core/mem_dut_dmemMSB/portb_we[1].RAM_reg_0_0_3 because address width (15) is more than optimal threshold of 12. Implementing using BWWE will require more logic and timing would be suboptimal. Please use attribute "ram_decomp = power" if BWWE is desired..
Related violations: <none>

SYNTH-15#5 Warning
Byte wide write enable not inferred  
Byte wide write enable (BWWE) is not inferred for Block RAM core/mem_dut_dmemMSB/portb_we[1].RAM_reg_0_0_4 because address width (15) is more than optimal threshold of 12. Implementing using BWWE will require more logic and timing would be suboptimal. Please use attribute "ram_decomp = power" if BWWE is desired..
Related violations: <none>

SYNTH-15#6 Warning
Byte wide write enable not inferred  
Byte wide write enable (BWWE) is not inferred for Block RAM core/mem_dut_dmemMSB/portb_we[1].RAM_reg_0_0_5 because address width (15) is more than optimal threshold of 12. Implementing using BWWE will require more logic and timing would be suboptimal. Please use attribute "ram_decomp = power" if BWWE is desired..
Related violations: <none>

SYNTH-15#7 Warning
Byte wide write enable not inferred  
Byte wide write enable (BWWE) is not inferred for Block RAM core/mem_dut_dmemMSB/portb_we[1].RAM_reg_0_0_6 because address width (15) is more than optimal threshold of 12. Implementing using BWWE will require more logic and timing would be suboptimal. Please use attribute "ram_decomp = power" if BWWE is desired..
Related violations: <none>

SYNTH-15#8 Warning
Byte wide write enable not inferred  
Byte wide write enable (BWWE) is not inferred for Block RAM core/mem_dut_dmemMSB/portb_we[1].RAM_reg_0_0_7 because address width (15) is more than optimal threshold of 12. Implementing using BWWE will require more logic and timing would be suboptimal. Please use attribute "ram_decomp = power" if BWWE is desired..
Related violations: <none>

SYNTH-15#9 Warning
Byte wide write enable not inferred  
Byte wide write enable (BWWE) is not inferred for Block RAM core/mem_dut_dmemMSB/portb_we[1].RAM_reg_1_0_0 because address width (15) is more than optimal threshold of 12. Implementing using BWWE will require more logic and timing would be suboptimal. Please use attribute "ram_decomp = power" if BWWE is desired..
Related violations: <none>

SYNTH-15#10 Warning
Byte wide write enable not inferred  
Byte wide write enable (BWWE) is not inferred for Block RAM core/mem_dut_dmemMSB/portb_we[1].RAM_reg_1_0_1 because address width (15) is more than optimal threshold of 12. Implementing using BWWE will require more logic and timing would be suboptimal. Please use attribute "ram_decomp = power" if BWWE is desired..
Related violations: <none>

SYNTH-15#11 Warning
Byte wide write enable not inferred  
Byte wide write enable (BWWE) is not inferred for Block RAM core/mem_dut_dmemMSB/portb_we[1].RAM_reg_1_0_2 because address width (15) is more than optimal threshold of 12. Implementing using BWWE will require more logic and timing would be suboptimal. Please use attribute "ram_decomp = power" if BWWE is desired..
Related violations: <none>

SYNTH-15#12 Warning
Byte wide write enable not inferred  
Byte wide write enable (BWWE) is not inferred for Block RAM core/mem_dut_dmemMSB/portb_we[1].RAM_reg_1_0_3 because address width (15) is more than optimal threshold of 12. Implementing using BWWE will require more logic and timing would be suboptimal. Please use attribute "ram_decomp = power" if BWWE is desired..
Related violations: <none>

SYNTH-15#13 Warning
Byte wide write enable not inferred  
Byte wide write enable (BWWE) is not inferred for Block RAM core/mem_dut_dmemMSB/portb_we[1].RAM_reg_1_0_4 because address width (15) is more than optimal threshold of 12. Implementing using BWWE will require more logic and timing would be suboptimal. Please use attribute "ram_decomp = power" if BWWE is desired..
Related violations: <none>

SYNTH-15#14 Warning
Byte wide write enable not inferred  
Byte wide write enable (BWWE) is not inferred for Block RAM core/mem_dut_dmemMSB/portb_we[1].RAM_reg_1_0_5 because address width (15) is more than optimal threshold of 12. Implementing using BWWE will require more logic and timing would be suboptimal. Please use attribute "ram_decomp = power" if BWWE is desired..
Related violations: <none>

SYNTH-15#15 Warning
Byte wide write enable not inferred  
Byte wide write enable (BWWE) is not inferred for Block RAM core/mem_dut_dmemMSB/portb_we[1].RAM_reg_1_0_6 because address width (15) is more than optimal threshold of 12. Implementing using BWWE will require more logic and timing would be suboptimal. Please use attribute "ram_decomp = power" if BWWE is desired..
Related violations: <none>

SYNTH-15#16 Warning
Byte wide write enable not inferred  
Byte wide write enable (BWWE) is not inferred for Block RAM core/mem_dut_dmemMSB/portb_we[1].RAM_reg_1_0_7 because address width (15) is more than optimal threshold of 12. Implementing using BWWE will require more logic and timing would be suboptimal. Please use attribute "ram_decomp = power" if BWWE is desired..
Related violations: <none>

SYNTH-15#17 Warning
Byte wide write enable not inferred  
Byte wide write enable (BWWE) is not inferred for Block RAM core/mem_dut_dmemMSB/portb_we[1].RAM_reg_2_0_0 because address width (15) is more than optimal threshold of 12. Implementing using BWWE will require more logic and timing would be suboptimal. Please use attribute "ram_decomp = power" if BWWE is desired..
Related violations: <none>

SYNTH-15#18 Warning
Byte wide write enable not inferred  
Byte wide write enable (BWWE) is not inferred for Block RAM core/mem_dut_dmemMSB/portb_we[1].RAM_reg_2_0_1 because address width (15) is more than optimal threshold of 12. Implementing using BWWE will require more logic and timing would be suboptimal. Please use attribute "ram_decomp = power" if BWWE is desired..
Related violations: <none>

SYNTH-15#19 Warning
Byte wide write enable not inferred  
Byte wide write enable (BWWE) is not inferred for Block RAM core/mem_dut_dmemMSB/portb_we[1].RAM_reg_2_0_2 because address width (15) is more than optimal threshold of 12. Implementing using BWWE will require more logic and timing would be suboptimal. Please use attribute "ram_decomp = power" if BWWE is desired..
Related violations: <none>

SYNTH-15#20 Warning
Byte wide write enable not inferred  
Byte wide write enable (BWWE) is not inferred for Block RAM core/mem_dut_dmemMSB/portb_we[1].RAM_reg_2_0_3 because address width (15) is more than optimal threshold of 12. Implementing using BWWE will require more logic and timing would be suboptimal. Please use attribute "ram_decomp = power" if BWWE is desired..
Related violations: <none>

SYNTH-15#21 Warning
Byte wide write enable not inferred  
Byte wide write enable (BWWE) is not inferred for Block RAM core/mem_dut_dmemMSB/portb_we[1].RAM_reg_2_0_4 because address width (15) is more than optimal threshold of 12. Implementing using BWWE will require more logic and timing would be suboptimal. Please use attribute "ram_decomp = power" if BWWE is desired..
Related violations: <none>

SYNTH-15#22 Warning
Byte wide write enable not inferred  
Byte wide write enable (BWWE) is not inferred for Block RAM core/mem_dut_dmemMSB/portb_we[1].RAM_reg_2_0_5 because address width (15) is more than optimal threshold of 12. Implementing using BWWE will require more logic and timing would be suboptimal. Please use attribute "ram_decomp = power" if BWWE is desired..
Related violations: <none>

SYNTH-15#23 Warning
Byte wide write enable not inferred  
Byte wide write enable (BWWE) is not inferred for Block RAM core/mem_dut_dmemMSB/portb_we[1].RAM_reg_2_0_6 because address width (15) is more than optimal threshold of 12. Implementing using BWWE will require more logic and timing would be suboptimal. Please use attribute "ram_decomp = power" if BWWE is desired..
Related violations: <none>

SYNTH-15#24 Warning
Byte wide write enable not inferred  
Byte wide write enable (BWWE) is not inferred for Block RAM core/mem_dut_dmemMSB/portb_we[1].RAM_reg_2_0_7 because address width (15) is more than optimal threshold of 12. Implementing using BWWE will require more logic and timing would be suboptimal. Please use attribute "ram_decomp = power" if BWWE is desired..
Related violations: <none>

SYNTH-15#25 Warning
Byte wide write enable not inferred  
Byte wide write enable (BWWE) is not inferred for Block RAM core/mem_dut_dmemMSB/portb_we[1].RAM_reg_3_0_0 because address width (15) is more than optimal threshold of 12. Implementing using BWWE will require more logic and timing would be suboptimal. Please use attribute "ram_decomp = power" if BWWE is desired..
Related violations: <none>

SYNTH-15#26 Warning
Byte wide write enable not inferred  
Byte wide write enable (BWWE) is not inferred for Block RAM core/mem_dut_dmemMSB/portb_we[1].RAM_reg_3_0_1 because address width (15) is more than optimal threshold of 12. Implementing using BWWE will require more logic and timing would be suboptimal. Please use attribute "ram_decomp = power" if BWWE is desired..
Related violations: <none>

SYNTH-15#27 Warning
Byte wide write enable not inferred  
Byte wide write enable (BWWE) is not inferred for Block RAM core/mem_dut_dmemMSB/portb_we[1].RAM_reg_3_0_2 because address width (15) is more than optimal threshold of 12. Implementing using BWWE will require more logic and timing would be suboptimal. Please use attribute "ram_decomp = power" if BWWE is desired..
Related violations: <none>

SYNTH-15#28 Warning
Byte wide write enable not inferred  
Byte wide write enable (BWWE) is not inferred for Block RAM core/mem_dut_dmemMSB/portb_we[1].RAM_reg_3_0_3 because address width (15) is more than optimal threshold of 12. Implementing using BWWE will require more logic and timing would be suboptimal. Please use attribute "ram_decomp = power" if BWWE is desired..
Related violations: <none>

SYNTH-15#29 Warning
Byte wide write enable not inferred  
Byte wide write enable (BWWE) is not inferred for Block RAM core/mem_dut_dmemMSB/portb_we[1].RAM_reg_3_0_4 because address width (15) is more than optimal threshold of 12. Implementing using BWWE will require more logic and timing would be suboptimal. Please use attribute "ram_decomp = power" if BWWE is desired..
Related violations: <none>

SYNTH-15#30 Warning
Byte wide write enable not inferred  
Byte wide write enable (BWWE) is not inferred for Block RAM core/mem_dut_dmemMSB/portb_we[1].RAM_reg_3_0_5 because address width (15) is more than optimal threshold of 12. Implementing using BWWE will require more logic and timing would be suboptimal. Please use attribute "ram_decomp = power" if BWWE is desired..
Related violations: <none>

SYNTH-15#31 Warning
Byte wide write enable not inferred  
Byte wide write enable (BWWE) is not inferred for Block RAM core/mem_dut_dmemMSB/portb_we[1].RAM_reg_3_0_6 because address width (15) is more than optimal threshold of 12. Implementing using BWWE will require more logic and timing would be suboptimal. Please use attribute "ram_decomp = power" if BWWE is desired..
Related violations: <none>

SYNTH-15#32 Warning
Byte wide write enable not inferred  
Byte wide write enable (BWWE) is not inferred for Block RAM core/mem_dut_dmemMSB/portb_we[1].RAM_reg_3_0_7 because address width (15) is more than optimal threshold of 12. Implementing using BWWE will require more logic and timing would be suboptimal. Please use attribute "ram_decomp = power" if BWWE is desired..
Related violations: <none>

TIMING-14#1 Warning
LUT on the clock tree  
The LUT core/pwm_cluster/pwm0/pwm_clock_divider_new_clock/dSyncReg1_i_2 has been found on the clock tree. Run opt_design to optimize the clock trees, then re-run report_methodology. If LUT(s) are still present in the clock trees, modify the RTL or the synthesis options accordingly to move the clock gating logic to dedicated clock enable resources. Keep in mind that post-opt_design database cannot be used for pin-planning tasks
Related violations: <none>

TIMING-14#2 Warning
LUT on the clock tree  
The LUT core/pwm_cluster/pwm1/pwm_clock_divider_new_clock/dSyncReg1_i_2__0 has been found on the clock tree. Run opt_design to optimize the clock trees, then re-run report_methodology. If LUT(s) are still present in the clock trees, modify the RTL or the synthesis options accordingly to move the clock gating logic to dedicated clock enable resources. Keep in mind that post-opt_design database cannot be used for pin-planning tasks
Related violations: <none>

TIMING-14#3 Warning
LUT on the clock tree  
The LUT core/pwm_cluster/pwm2/pwm_clock_divider_new_clock/dSyncReg1_i_2__1 has been found on the clock tree. Run opt_design to optimize the clock trees, then re-run report_methodology. If LUT(s) are still present in the clock trees, modify the RTL or the synthesis options accordingly to move the clock gating logic to dedicated clock enable resources. Keep in mind that post-opt_design database cannot be used for pin-planning tasks
Related violations: <none>

TIMING-14#4 Warning
LUT on the clock tree  
The LUT core/pwm_cluster/pwm3/pwm_clock_divider_new_clock/dSyncReg1_i_2__2 has been found on the clock tree. Run opt_design to optimize the clock trees, then re-run report_methodology. If LUT(s) are still present in the clock trees, modify the RTL or the synthesis options accordingly to move the clock gating logic to dedicated clock enable resources. Keep in mind that post-opt_design database cannot be used for pin-planning tasks
Related violations: <none>

TIMING-14#5 Warning
LUT on the clock tree  
The LUT core/pwm_cluster/pwm4/pwm_clock_divider_new_clock/dSyncReg1_i_2__3 has been found on the clock tree. Run opt_design to optimize the clock trees, then re-run report_methodology. If LUT(s) are still present in the clock trees, modify the RTL or the synthesis options accordingly to move the clock gating logic to dedicated clock enable resources. Keep in mind that post-opt_design database cannot be used for pin-planning tasks
Related violations: <none>

TIMING-14#6 Warning
LUT on the clock tree  
The LUT core/pwm_cluster/pwm5/pwm_clock_divider_new_clock/dSyncReg1_i_2__4 has been found on the clock tree. Run opt_design to optimize the clock trees, then re-run report_methodology. If LUT(s) are still present in the clock trees, modify the RTL or the synthesis options accordingly to move the clock gating logic to dedicated clock enable resources. Keep in mind that post-opt_design database cannot be used for pin-planning tasks
Related violations: <none>

TIMING-17#1 Warning
Non-clocked sequential cell  
The clock pin core/jtag_tap/capture_repsonse_from_dm_reg/C is not reached by a timing clock
Related violations: <none>

TIMING-17#2 Warning
Non-clocked sequential cell  
The clock pin core/jtag_tap/dmistat_reg[0]/C is not reached by a timing clock
Related violations: <none>

TIMING-17#3 Warning
Non-clocked sequential cell  
The clock pin core/jtag_tap/dmistat_reg[1]/C is not reached by a timing clock
Related violations: <none>

TIMING-17#4 Warning
Non-clocked sequential cell  
The clock pin core/jtag_tap/request_to_DM/D_OUT_reg[0]/C is not reached by a timing clock
Related violations: <none>

TIMING-17#5 Warning
Non-clocked sequential cell  
The clock pin core/jtag_tap/request_to_DM/D_OUT_reg[10]/C is not reached by a timing clock
Related violations: <none>

TIMING-17#6 Warning
Non-clocked sequential cell  
The clock pin core/jtag_tap/request_to_DM/D_OUT_reg[11]/C is not reached by a timing clock
Related violations: <none>

TIMING-17#7 Warning
Non-clocked sequential cell  
The clock pin core/jtag_tap/request_to_DM/D_OUT_reg[12]/C is not reached by a timing clock
Related violations: <none>

TIMING-17#8 Warning
Non-clocked sequential cell  
The clock pin core/jtag_tap/request_to_DM/D_OUT_reg[13]/C is not reached by a timing clock
Related violations: <none>

TIMING-17#9 Warning
Non-clocked sequential cell  
The clock pin core/jtag_tap/request_to_DM/D_OUT_reg[14]/C is not reached by a timing clock
Related violations: <none>

TIMING-17#10 Warning
Non-clocked sequential cell  
The clock pin core/jtag_tap/request_to_DM/D_OUT_reg[15]/C is not reached by a timing clock
Related violations: <none>

TIMING-17#11 Warning
Non-clocked sequential cell  
The clock pin core/jtag_tap/request_to_DM/D_OUT_reg[16]/C is not reached by a timing clock
Related violations: <none>

TIMING-17#12 Warning
Non-clocked sequential cell  
The clock pin core/jtag_tap/request_to_DM/D_OUT_reg[17]/C is not reached by a timing clock
Related violations: <none>

TIMING-17#13 Warning
Non-clocked sequential cell  
The clock pin core/jtag_tap/request_to_DM/D_OUT_reg[18]/C is not reached by a timing clock
Related violations: <none>

TIMING-17#14 Warning
Non-clocked sequential cell  
The clock pin core/jtag_tap/request_to_DM/D_OUT_reg[19]/C is not reached by a timing clock
Related violations: <none>

TIMING-17#15 Warning
Non-clocked sequential cell  
The clock pin core/jtag_tap/request_to_DM/D_OUT_reg[1]/C is not reached by a timing clock
Related violations: <none>

TIMING-17#16 Warning
Non-clocked sequential cell  
The clock pin core/jtag_tap/request_to_DM/D_OUT_reg[20]/C is not reached by a timing clock
Related violations: <none>

TIMING-17#17 Warning
Non-clocked sequential cell  
The clock pin core/jtag_tap/request_to_DM/D_OUT_reg[21]/C is not reached by a timing clock
Related violations: <none>

TIMING-17#18 Warning
Non-clocked sequential cell  
The clock pin core/jtag_tap/request_to_DM/D_OUT_reg[22]/C is not reached by a timing clock
Related violations: <none>

TIMING-17#19 Warning
Non-clocked sequential cell  
The clock pin core/jtag_tap/request_to_DM/D_OUT_reg[23]/C is not reached by a timing clock
Related violations: <none>

TIMING-17#20 Warning
Non-clocked sequential cell  
The clock pin core/jtag_tap/request_to_DM/D_OUT_reg[24]/C is not reached by a timing clock
Related violations: <none>

TIMING-17#21 Warning
Non-clocked sequential cell  
The clock pin core/jtag_tap/request_to_DM/D_OUT_reg[25]/C is not reached by a timing clock
Related violations: <none>

TIMING-17#22 Warning
Non-clocked sequential cell  
The clock pin core/jtag_tap/request_to_DM/D_OUT_reg[26]/C is not reached by a timing clock
Related violations: <none>

TIMING-17#23 Warning
Non-clocked sequential cell  
The clock pin core/jtag_tap/request_to_DM/D_OUT_reg[27]/C is not reached by a timing clock
Related violations: <none>

TIMING-17#24 Warning
Non-clocked sequential cell  
The clock pin core/jtag_tap/request_to_DM/D_OUT_reg[28]/C is not reached by a timing clock
Related violations: <none>

TIMING-17#25 Warning
Non-clocked sequential cell  
The clock pin core/jtag_tap/request_to_DM/D_OUT_reg[29]/C is not reached by a timing clock
Related violations: <none>

TIMING-17#26 Warning
Non-clocked sequential cell  
The clock pin core/jtag_tap/request_to_DM/D_OUT_reg[2]/C is not reached by a timing clock
Related violations: <none>

TIMING-17#27 Warning
Non-clocked sequential cell  
The clock pin core/jtag_tap/request_to_DM/D_OUT_reg[30]/C is not reached by a timing clock
Related violations: <none>

TIMING-17#28 Warning
Non-clocked sequential cell  
The clock pin core/jtag_tap/request_to_DM/D_OUT_reg[31]/C is not reached by a timing clock
Related violations: <none>

TIMING-17#29 Warning
Non-clocked sequential cell  
The clock pin core/jtag_tap/request_to_DM/D_OUT_reg[32]/C is not reached by a timing clock
Related violations: <none>

TIMING-17#30 Warning
Non-clocked sequential cell  
The clock pin core/jtag_tap/request_to_DM/D_OUT_reg[33]/C is not reached by a timing clock
Related violations: <none>

TIMING-17#31 Warning
Non-clocked sequential cell  
The clock pin core/jtag_tap/request_to_DM/D_OUT_reg[34]/C is not reached by a timing clock
Related violations: <none>

TIMING-17#32 Warning
Non-clocked sequential cell  
The clock pin core/jtag_tap/request_to_DM/D_OUT_reg[35]/C is not reached by a timing clock
Related violations: <none>

TIMING-17#33 Warning
Non-clocked sequential cell  
The clock pin core/jtag_tap/request_to_DM/D_OUT_reg[36]/C is not reached by a timing clock
Related violations: <none>

TIMING-17#34 Warning
Non-clocked sequential cell  
The clock pin core/jtag_tap/request_to_DM/D_OUT_reg[37]/C is not reached by a timing clock
Related violations: <none>

TIMING-17#35 Warning
Non-clocked sequential cell  
The clock pin core/jtag_tap/request_to_DM/D_OUT_reg[38]/C is not reached by a timing clock
Related violations: <none>

TIMING-17#36 Warning
Non-clocked sequential cell  
The clock pin core/jtag_tap/request_to_DM/D_OUT_reg[39]/C is not reached by a timing clock
Related violations: <none>

TIMING-17#37 Warning
Non-clocked sequential cell  
The clock pin core/jtag_tap/request_to_DM/D_OUT_reg[3]/C is not reached by a timing clock
Related violations: <none>

TIMING-17#38 Warning
Non-clocked sequential cell  
The clock pin core/jtag_tap/request_to_DM/D_OUT_reg[4]/C is not reached by a timing clock
Related violations: <none>

TIMING-17#39 Warning
Non-clocked sequential cell  
The clock pin core/jtag_tap/request_to_DM/D_OUT_reg[5]/C is not reached by a timing clock
Related violations: <none>

TIMING-17#40 Warning
Non-clocked sequential cell  
The clock pin core/jtag_tap/request_to_DM/D_OUT_reg[6]/C is not reached by a timing clock
Related violations: <none>

TIMING-17#41 Warning
Non-clocked sequential cell  
The clock pin core/jtag_tap/request_to_DM/D_OUT_reg[7]/C is not reached by a timing clock
Related violations: <none>

TIMING-17#42 Warning
Non-clocked sequential cell  
The clock pin core/jtag_tap/request_to_DM/D_OUT_reg[8]/C is not reached by a timing clock
Related violations: <none>

TIMING-17#43 Warning
Non-clocked sequential cell  
The clock pin core/jtag_tap/request_to_DM/D_OUT_reg[9]/C is not reached by a timing clock
Related violations: <none>

TIMING-17#44 Warning
Non-clocked sequential cell  
The clock pin core/jtag_tap/request_to_DM/empty_reg_reg/C is not reached by a timing clock
Related violations: <none>

TIMING-17#45 Warning
Non-clocked sequential cell  
The clock pin core/jtag_tap/response_from_DM/D_OUT_reg[10]/C is not reached by a timing clock
Related violations: <none>

TIMING-17#46 Warning
Non-clocked sequential cell  
The clock pin core/jtag_tap/response_from_DM/D_OUT_reg[11]/C is not reached by a timing clock
Related violations: <none>

TIMING-17#47 Warning
Non-clocked sequential cell  
The clock pin core/jtag_tap/response_from_DM/D_OUT_reg[12]/C is not reached by a timing clock
Related violations: <none>

TIMING-17#48 Warning
Non-clocked sequential cell  
The clock pin core/jtag_tap/response_from_DM/D_OUT_reg[13]/C is not reached by a timing clock
Related violations: <none>

TIMING-17#49 Warning
Non-clocked sequential cell  
The clock pin core/jtag_tap/response_from_DM/D_OUT_reg[14]/C is not reached by a timing clock
Related violations: <none>

TIMING-17#50 Warning
Non-clocked sequential cell  
The clock pin core/jtag_tap/response_from_DM/D_OUT_reg[15]/C is not reached by a timing clock
Related violations: <none>

TIMING-17#51 Warning
Non-clocked sequential cell  
The clock pin core/jtag_tap/response_from_DM/D_OUT_reg[16]/C is not reached by a timing clock
Related violations: <none>

TIMING-17#52 Warning
Non-clocked sequential cell  
The clock pin core/jtag_tap/response_from_DM/D_OUT_reg[17]/C is not reached by a timing clock
Related violations: <none>

TIMING-17#53 Warning
Non-clocked sequential cell  
The clock pin core/jtag_tap/response_from_DM/D_OUT_reg[18]/C is not reached by a timing clock
Related violations: <none>

TIMING-17#54 Warning
Non-clocked sequential cell  
The clock pin core/jtag_tap/response_from_DM/D_OUT_reg[19]/C is not reached by a timing clock
Related violations: <none>

TIMING-17#55 Warning
Non-clocked sequential cell  
The clock pin core/jtag_tap/response_from_DM/D_OUT_reg[1]/C is not reached by a timing clock
Related violations: <none>

TIMING-17#56 Warning
Non-clocked sequential cell  
The clock pin core/jtag_tap/response_from_DM/D_OUT_reg[20]/C is not reached by a timing clock
Related violations: <none>

TIMING-17#57 Warning
Non-clocked sequential cell  
The clock pin core/jtag_tap/response_from_DM/D_OUT_reg[21]/C is not reached by a timing clock
Related violations: <none>

TIMING-17#58 Warning
Non-clocked sequential cell  
The clock pin core/jtag_tap/response_from_DM/D_OUT_reg[22]/C is not reached by a timing clock
Related violations: <none>

TIMING-17#59 Warning
Non-clocked sequential cell  
The clock pin core/jtag_tap/response_from_DM/D_OUT_reg[23]/C is not reached by a timing clock
Related violations: <none>

TIMING-17#60 Warning
Non-clocked sequential cell  
The clock pin core/jtag_tap/response_from_DM/D_OUT_reg[24]/C is not reached by a timing clock
Related violations: <none>

TIMING-17#61 Warning
Non-clocked sequential cell  
The clock pin core/jtag_tap/response_from_DM/D_OUT_reg[25]/C is not reached by a timing clock
Related violations: <none>

TIMING-17#62 Warning
Non-clocked sequential cell  
The clock pin core/jtag_tap/response_from_DM/D_OUT_reg[26]/C is not reached by a timing clock
Related violations: <none>

TIMING-17#63 Warning
Non-clocked sequential cell  
The clock pin core/jtag_tap/response_from_DM/D_OUT_reg[27]/C is not reached by a timing clock
Related violations: <none>

TIMING-17#64 Warning
Non-clocked sequential cell  
The clock pin core/jtag_tap/response_from_DM/D_OUT_reg[28]/C is not reached by a timing clock
Related violations: <none>

TIMING-17#65 Warning
Non-clocked sequential cell  
The clock pin core/jtag_tap/response_from_DM/D_OUT_reg[29]/C is not reached by a timing clock
Related violations: <none>

TIMING-17#66 Warning
Non-clocked sequential cell  
The clock pin core/jtag_tap/response_from_DM/D_OUT_reg[2]/C is not reached by a timing clock
Related violations: <none>

TIMING-17#67 Warning
Non-clocked sequential cell  
The clock pin core/jtag_tap/response_from_DM/D_OUT_reg[30]/C is not reached by a timing clock
Related violations: <none>

TIMING-17#68 Warning
Non-clocked sequential cell  
The clock pin core/jtag_tap/response_from_DM/D_OUT_reg[31]/C is not reached by a timing clock
Related violations: <none>

TIMING-17#69 Warning
Non-clocked sequential cell  
The clock pin core/jtag_tap/response_from_DM/D_OUT_reg[32]/C is not reached by a timing clock
Related violations: <none>

TIMING-17#70 Warning
Non-clocked sequential cell  
The clock pin core/jtag_tap/response_from_DM/D_OUT_reg[33]/C is not reached by a timing clock
Related violations: <none>

TIMING-17#71 Warning
Non-clocked sequential cell  
The clock pin core/jtag_tap/response_from_DM/D_OUT_reg[3]/C is not reached by a timing clock
Related violations: <none>

TIMING-17#72 Warning
Non-clocked sequential cell  
The clock pin core/jtag_tap/response_from_DM/D_OUT_reg[4]/C is not reached by a timing clock
Related violations: <none>

TIMING-17#73 Warning
Non-clocked sequential cell  
The clock pin core/jtag_tap/response_from_DM/D_OUT_reg[5]/C is not reached by a timing clock
Related violations: <none>

TIMING-17#74 Warning
Non-clocked sequential cell  
The clock pin core/jtag_tap/response_from_DM/D_OUT_reg[6]/C is not reached by a timing clock
Related violations: <none>

TIMING-17#75 Warning
Non-clocked sequential cell  
The clock pin core/jtag_tap/response_from_DM/D_OUT_reg[7]/C is not reached by a timing clock
Related violations: <none>

TIMING-17#76 Warning
Non-clocked sequential cell  
The clock pin core/jtag_tap/response_from_DM/D_OUT_reg[8]/C is not reached by a timing clock
Related violations: <none>

TIMING-17#77 Warning
Non-clocked sequential cell  
The clock pin core/jtag_tap/response_from_DM/D_OUT_reg[9]/C is not reached by a timing clock
Related violations: <none>

TIMING-17#78 Warning
Non-clocked sequential cell  
The clock pin core/jtag_tap/response_from_DM/empty_reg_reg/C is not reached by a timing clock
Related violations: <none>

TIMING-17#79 Warning
Non-clocked sequential cell  
The clock pin core/jtag_tap/response_status_reg[0]/C is not reached by a timing clock
Related violations: <none>

TIMING-17#80 Warning
Non-clocked sequential cell  
The clock pin core/jtag_tap/rg_packet_reg[0]/C is not reached by a timing clock
Related violations: <none>

TIMING-17#81 Warning
Non-clocked sequential cell  
The clock pin core/jtag_tap/rg_packet_reg[10]/C is not reached by a timing clock
Related violations: <none>

TIMING-17#82 Warning
Non-clocked sequential cell  
The clock pin core/jtag_tap/rg_packet_reg[11]/C is not reached by a timing clock
Related violations: <none>

TIMING-17#83 Warning
Non-clocked sequential cell  
The clock pin core/jtag_tap/rg_packet_reg[12]/C is not reached by a timing clock
Related violations: <none>

TIMING-17#84 Warning
Non-clocked sequential cell  
The clock pin core/jtag_tap/rg_packet_reg[13]/C is not reached by a timing clock
Related violations: <none>

TIMING-17#85 Warning
Non-clocked sequential cell  
The clock pin core/jtag_tap/rg_packet_reg[14]/C is not reached by a timing clock
Related violations: <none>

TIMING-17#86 Warning
Non-clocked sequential cell  
The clock pin core/jtag_tap/rg_packet_reg[15]/C is not reached by a timing clock
Related violations: <none>

TIMING-17#87 Warning
Non-clocked sequential cell  
The clock pin core/jtag_tap/rg_packet_reg[16]/C is not reached by a timing clock
Related violations: <none>

TIMING-17#88 Warning
Non-clocked sequential cell  
The clock pin core/jtag_tap/rg_packet_reg[17]/C is not reached by a timing clock
Related violations: <none>

TIMING-17#89 Warning
Non-clocked sequential cell  
The clock pin core/jtag_tap/rg_packet_reg[18]/C is not reached by a timing clock
Related violations: <none>

TIMING-17#90 Warning
Non-clocked sequential cell  
The clock pin core/jtag_tap/rg_packet_reg[19]/C is not reached by a timing clock
Related violations: <none>

TIMING-17#91 Warning
Non-clocked sequential cell  
The clock pin core/jtag_tap/rg_packet_reg[1]/C is not reached by a timing clock
Related violations: <none>

TIMING-17#92 Warning
Non-clocked sequential cell  
The clock pin core/jtag_tap/rg_packet_reg[20]/C is not reached by a timing clock
Related violations: <none>

TIMING-17#93 Warning
Non-clocked sequential cell  
The clock pin core/jtag_tap/rg_packet_reg[21]/C is not reached by a timing clock
Related violations: <none>

TIMING-17#94 Warning
Non-clocked sequential cell  
The clock pin core/jtag_tap/rg_packet_reg[22]/C is not reached by a timing clock
Related violations: <none>

TIMING-17#95 Warning
Non-clocked sequential cell  
The clock pin core/jtag_tap/rg_packet_reg[23]/C is not reached by a timing clock
Related violations: <none>

TIMING-17#96 Warning
Non-clocked sequential cell  
The clock pin core/jtag_tap/rg_packet_reg[24]/C is not reached by a timing clock
Related violations: <none>

TIMING-17#97 Warning
Non-clocked sequential cell  
The clock pin core/jtag_tap/rg_packet_reg[25]/C is not reached by a timing clock
Related violations: <none>

TIMING-17#98 Warning
Non-clocked sequential cell  
The clock pin core/jtag_tap/rg_packet_reg[26]/C is not reached by a timing clock
Related violations: <none>

TIMING-17#99 Warning
Non-clocked sequential cell  
The clock pin core/jtag_tap/rg_packet_reg[27]/C is not reached by a timing clock
Related violations: <none>

TIMING-17#100 Warning
Non-clocked sequential cell  
The clock pin core/jtag_tap/rg_packet_reg[28]/C is not reached by a timing clock
Related violations: <none>

TIMING-17#101 Warning
Non-clocked sequential cell  
The clock pin core/jtag_tap/rg_packet_reg[29]/C is not reached by a timing clock
Related violations: <none>

TIMING-17#102 Warning
Non-clocked sequential cell  
The clock pin core/jtag_tap/rg_packet_reg[2]/C is not reached by a timing clock
Related violations: <none>

TIMING-17#103 Warning
Non-clocked sequential cell  
The clock pin core/jtag_tap/rg_packet_reg[30]/C is not reached by a timing clock
Related violations: <none>

TIMING-17#104 Warning
Non-clocked sequential cell  
The clock pin core/jtag_tap/rg_packet_reg[31]/C is not reached by a timing clock
Related violations: <none>

TIMING-17#105 Warning
Non-clocked sequential cell  
The clock pin core/jtag_tap/rg_packet_reg[32]/C is not reached by a timing clock
Related violations: <none>

TIMING-17#106 Warning
Non-clocked sequential cell  
The clock pin core/jtag_tap/rg_packet_reg[33]/C is not reached by a timing clock
Related violations: <none>

TIMING-17#107 Warning
Non-clocked sequential cell  
The clock pin core/jtag_tap/rg_packet_reg[34]/C is not reached by a timing clock
Related violations: <none>

TIMING-17#108 Warning
Non-clocked sequential cell  
The clock pin core/jtag_tap/rg_packet_reg[35]/C is not reached by a timing clock
Related violations: <none>

TIMING-17#109 Warning
Non-clocked sequential cell  
The clock pin core/jtag_tap/rg_packet_reg[36]/C is not reached by a timing clock
Related violations: <none>

TIMING-17#110 Warning
Non-clocked sequential cell  
The clock pin core/jtag_tap/rg_packet_reg[37]/C is not reached by a timing clock
Related violations: <none>

TIMING-17#111 Warning
Non-clocked sequential cell  
The clock pin core/jtag_tap/rg_packet_reg[38]/C is not reached by a timing clock
Related violations: <none>

TIMING-17#112 Warning
Non-clocked sequential cell  
The clock pin core/jtag_tap/rg_packet_reg[39]/C is not reached by a timing clock
Related violations: <none>

TIMING-17#113 Warning
Non-clocked sequential cell  
The clock pin core/jtag_tap/rg_packet_reg[3]/C is not reached by a timing clock
Related violations: <none>

TIMING-17#114 Warning
Non-clocked sequential cell  
The clock pin core/jtag_tap/rg_packet_reg[40]/C is not reached by a timing clock
Related violations: <none>

TIMING-17#115 Warning
Non-clocked sequential cell  
The clock pin core/jtag_tap/rg_packet_reg[4]/C is not reached by a timing clock
Related violations: <none>

TIMING-17#116 Warning
Non-clocked sequential cell  
The clock pin core/jtag_tap/rg_packet_reg[5]/C is not reached by a timing clock
Related violations: <none>

TIMING-17#117 Warning
Non-clocked sequential cell  
The clock pin core/jtag_tap/rg_packet_reg[6]/C is not reached by a timing clock
Related violations: <none>

TIMING-17#118 Warning
Non-clocked sequential cell  
The clock pin core/jtag_tap/rg_packet_reg[7]/C is not reached by a timing clock
Related violations: <none>

TIMING-17#119 Warning
Non-clocked sequential cell  
The clock pin core/jtag_tap/rg_packet_reg[8]/C is not reached by a timing clock
Related violations: <none>

TIMING-17#120 Warning
Non-clocked sequential cell  
The clock pin core/jtag_tap/rg_packet_reg[9]/C is not reached by a timing clock
Related violations: <none>

TIMING-17#121 Warning
Non-clocked sequential cell  
The clock pin core/jtag_tap/rg_pseudo_ir_reg[0]/C is not reached by a timing clock
Related violations: <none>

TIMING-17#122 Warning
Non-clocked sequential cell  
The clock pin core/jtag_tap/rg_pseudo_ir_reg[1]/C is not reached by a timing clock
Related violations: <none>

TIMING-17#123 Warning
Non-clocked sequential cell  
The clock pin core/jtag_tap/rg_pseudo_ir_reg[2]/C is not reached by a timing clock
Related violations: <none>

TIMING-17#124 Warning
Non-clocked sequential cell  
The clock pin core/jtag_tap/rg_pseudo_ir_reg[3]/C is not reached by a timing clock
Related violations: <none>

TIMING-17#125 Warning
Non-clocked sequential cell  
The clock pin core/jtag_tap/rg_pseudo_ir_reg[4]/C is not reached by a timing clock
Related violations: <none>

TIMING-17#126 Warning
Non-clocked sequential cell  
The clock pin core/jtag_tap/rg_tdo_reg/C is not reached by a timing clock
Related violations: <none>

TIMING-17#127 Warning
Non-clocked sequential cell  
The clock pin core/jtag_tap/srg_mdr_reg[0]/C is not reached by a timing clock
Related violations: <none>

TIMING-17#128 Warning
Non-clocked sequential cell  
The clock pin core/jtag_tap/srg_mdr_reg[100]/C is not reached by a timing clock
Related violations: <none>

TIMING-17#129 Warning
Non-clocked sequential cell  
The clock pin core/jtag_tap/srg_mdr_reg[101]/C is not reached by a timing clock
Related violations: <none>

TIMING-17#130 Warning
Non-clocked sequential cell  
The clock pin core/jtag_tap/srg_mdr_reg[102]/C is not reached by a timing clock
Related violations: <none>

TIMING-17#131 Warning
Non-clocked sequential cell  
The clock pin core/jtag_tap/srg_mdr_reg[103]/C is not reached by a timing clock
Related violations: <none>

TIMING-17#132 Warning
Non-clocked sequential cell  
The clock pin core/jtag_tap/srg_mdr_reg[104]/C is not reached by a timing clock
Related violations: <none>

TIMING-17#133 Warning
Non-clocked sequential cell  
The clock pin core/jtag_tap/srg_mdr_reg[105]/C is not reached by a timing clock
Related violations: <none>

TIMING-17#134 Warning
Non-clocked sequential cell  
The clock pin core/jtag_tap/srg_mdr_reg[106]/C is not reached by a timing clock
Related violations: <none>

TIMING-17#135 Warning
Non-clocked sequential cell  
The clock pin core/jtag_tap/srg_mdr_reg[107]/C is not reached by a timing clock
Related violations: <none>

TIMING-17#136 Warning
Non-clocked sequential cell  
The clock pin core/jtag_tap/srg_mdr_reg[108]/C is not reached by a timing clock
Related violations: <none>

TIMING-17#137 Warning
Non-clocked sequential cell  
The clock pin core/jtag_tap/srg_mdr_reg[109]/C is not reached by a timing clock
Related violations: <none>

TIMING-17#138 Warning
Non-clocked sequential cell  
The clock pin core/jtag_tap/srg_mdr_reg[10]/C is not reached by a timing clock
Related violations: <none>

TIMING-17#139 Warning
Non-clocked sequential cell  
The clock pin core/jtag_tap/srg_mdr_reg[110]/C is not reached by a timing clock
Related violations: <none>

TIMING-17#140 Warning
Non-clocked sequential cell  
The clock pin core/jtag_tap/srg_mdr_reg[111]/C is not reached by a timing clock
Related violations: <none>

TIMING-17#141 Warning
Non-clocked sequential cell  
The clock pin core/jtag_tap/srg_mdr_reg[112]/C is not reached by a timing clock
Related violations: <none>

TIMING-17#142 Warning
Non-clocked sequential cell  
The clock pin core/jtag_tap/srg_mdr_reg[113]/C is not reached by a timing clock
Related violations: <none>

TIMING-17#143 Warning
Non-clocked sequential cell  
The clock pin core/jtag_tap/srg_mdr_reg[114]/C is not reached by a timing clock
Related violations: <none>

TIMING-17#144 Warning
Non-clocked sequential cell  
The clock pin core/jtag_tap/srg_mdr_reg[115]/C is not reached by a timing clock
Related violations: <none>

TIMING-17#145 Warning
Non-clocked sequential cell  
The clock pin core/jtag_tap/srg_mdr_reg[116]/C is not reached by a timing clock
Related violations: <none>

TIMING-17#146 Warning
Non-clocked sequential cell  
The clock pin core/jtag_tap/srg_mdr_reg[117]/C is not reached by a timing clock
Related violations: <none>

TIMING-17#147 Warning
Non-clocked sequential cell  
The clock pin core/jtag_tap/srg_mdr_reg[118]/C is not reached by a timing clock
Related violations: <none>

TIMING-17#148 Warning
Non-clocked sequential cell  
The clock pin core/jtag_tap/srg_mdr_reg[119]/C is not reached by a timing clock
Related violations: <none>

TIMING-17#149 Warning
Non-clocked sequential cell  
The clock pin core/jtag_tap/srg_mdr_reg[11]/C is not reached by a timing clock
Related violations: <none>

TIMING-17#150 Warning
Non-clocked sequential cell  
The clock pin core/jtag_tap/srg_mdr_reg[120]/C is not reached by a timing clock
Related violations: <none>

TIMING-17#151 Warning
Non-clocked sequential cell  
The clock pin core/jtag_tap/srg_mdr_reg[121]/C is not reached by a timing clock
Related violations: <none>

TIMING-17#152 Warning
Non-clocked sequential cell  
The clock pin core/jtag_tap/srg_mdr_reg[122]/C is not reached by a timing clock
Related violations: <none>

TIMING-17#153 Warning
Non-clocked sequential cell  
The clock pin core/jtag_tap/srg_mdr_reg[123]/C is not reached by a timing clock
Related violations: <none>

TIMING-17#154 Warning
Non-clocked sequential cell  
The clock pin core/jtag_tap/srg_mdr_reg[124]/C is not reached by a timing clock
Related violations: <none>

TIMING-17#155 Warning
Non-clocked sequential cell  
The clock pin core/jtag_tap/srg_mdr_reg[125]/C is not reached by a timing clock
Related violations: <none>

TIMING-17#156 Warning
Non-clocked sequential cell  
The clock pin core/jtag_tap/srg_mdr_reg[126]/C is not reached by a timing clock
Related violations: <none>

TIMING-17#157 Warning
Non-clocked sequential cell  
The clock pin core/jtag_tap/srg_mdr_reg[127]/C is not reached by a timing clock
Related violations: <none>

TIMING-17#158 Warning
Non-clocked sequential cell  
The clock pin core/jtag_tap/srg_mdr_reg[128]/C is not reached by a timing clock
Related violations: <none>

TIMING-17#159 Warning
Non-clocked sequential cell  
The clock pin core/jtag_tap/srg_mdr_reg[129]/C is not reached by a timing clock
Related violations: <none>

TIMING-17#160 Warning
Non-clocked sequential cell  
The clock pin core/jtag_tap/srg_mdr_reg[12]/C is not reached by a timing clock
Related violations: <none>

TIMING-17#161 Warning
Non-clocked sequential cell  
The clock pin core/jtag_tap/srg_mdr_reg[130]/C is not reached by a timing clock
Related violations: <none>

TIMING-17#162 Warning
Non-clocked sequential cell  
The clock pin core/jtag_tap/srg_mdr_reg[131]/C is not reached by a timing clock
Related violations: <none>

TIMING-17#163 Warning
Non-clocked sequential cell  
The clock pin core/jtag_tap/srg_mdr_reg[132]/C is not reached by a timing clock
Related violations: <none>

TIMING-17#164 Warning
Non-clocked sequential cell  
The clock pin core/jtag_tap/srg_mdr_reg[133]/C is not reached by a timing clock
Related violations: <none>

TIMING-17#165 Warning
Non-clocked sequential cell  
The clock pin core/jtag_tap/srg_mdr_reg[134]/C is not reached by a timing clock
Related violations: <none>

TIMING-17#166 Warning
Non-clocked sequential cell  
The clock pin core/jtag_tap/srg_mdr_reg[135]/C is not reached by a timing clock
Related violations: <none>

TIMING-17#167 Warning
Non-clocked sequential cell  
The clock pin core/jtag_tap/srg_mdr_reg[136]/C is not reached by a timing clock
Related violations: <none>

TIMING-17#168 Warning
Non-clocked sequential cell  
The clock pin core/jtag_tap/srg_mdr_reg[137]/C is not reached by a timing clock
Related violations: <none>

TIMING-17#169 Warning
Non-clocked sequential cell  
The clock pin core/jtag_tap/srg_mdr_reg[138]/C is not reached by a timing clock
Related violations: <none>

TIMING-17#170 Warning
Non-clocked sequential cell  
The clock pin core/jtag_tap/srg_mdr_reg[13]/C is not reached by a timing clock
Related violations: <none>

TIMING-17#171 Warning
Non-clocked sequential cell  
The clock pin core/jtag_tap/srg_mdr_reg[14]/C is not reached by a timing clock
Related violations: <none>

TIMING-17#172 Warning
Non-clocked sequential cell  
The clock pin core/jtag_tap/srg_mdr_reg[15]/C is not reached by a timing clock
Related violations: <none>

TIMING-17#173 Warning
Non-clocked sequential cell  
The clock pin core/jtag_tap/srg_mdr_reg[16]/C is not reached by a timing clock
Related violations: <none>

TIMING-17#174 Warning
Non-clocked sequential cell  
The clock pin core/jtag_tap/srg_mdr_reg[17]/C is not reached by a timing clock
Related violations: <none>

TIMING-17#175 Warning
Non-clocked sequential cell  
The clock pin core/jtag_tap/srg_mdr_reg[18]/C is not reached by a timing clock
Related violations: <none>

TIMING-17#176 Warning
Non-clocked sequential cell  
The clock pin core/jtag_tap/srg_mdr_reg[19]/C is not reached by a timing clock
Related violations: <none>

TIMING-17#177 Warning
Non-clocked sequential cell  
The clock pin core/jtag_tap/srg_mdr_reg[1]/C is not reached by a timing clock
Related violations: <none>

TIMING-17#178 Warning
Non-clocked sequential cell  
The clock pin core/jtag_tap/srg_mdr_reg[20]/C is not reached by a timing clock
Related violations: <none>

TIMING-17#179 Warning
Non-clocked sequential cell  
The clock pin core/jtag_tap/srg_mdr_reg[21]/C is not reached by a timing clock
Related violations: <none>

TIMING-17#180 Warning
Non-clocked sequential cell  
The clock pin core/jtag_tap/srg_mdr_reg[22]/C is not reached by a timing clock
Related violations: <none>

TIMING-17#181 Warning
Non-clocked sequential cell  
The clock pin core/jtag_tap/srg_mdr_reg[23]/C is not reached by a timing clock
Related violations: <none>

TIMING-17#182 Warning
Non-clocked sequential cell  
The clock pin core/jtag_tap/srg_mdr_reg[24]/C is not reached by a timing clock
Related violations: <none>

TIMING-17#183 Warning
Non-clocked sequential cell  
The clock pin core/jtag_tap/srg_mdr_reg[25]/C is not reached by a timing clock
Related violations: <none>

TIMING-17#184 Warning
Non-clocked sequential cell  
The clock pin core/jtag_tap/srg_mdr_reg[26]/C is not reached by a timing clock
Related violations: <none>

TIMING-17#185 Warning
Non-clocked sequential cell  
The clock pin core/jtag_tap/srg_mdr_reg[27]/C is not reached by a timing clock
Related violations: <none>

TIMING-17#186 Warning
Non-clocked sequential cell  
The clock pin core/jtag_tap/srg_mdr_reg[28]/C is not reached by a timing clock
Related violations: <none>

TIMING-17#187 Warning
Non-clocked sequential cell  
The clock pin core/jtag_tap/srg_mdr_reg[29]/C is not reached by a timing clock
Related violations: <none>

TIMING-17#188 Warning
Non-clocked sequential cell  
The clock pin core/jtag_tap/srg_mdr_reg[2]/C is not reached by a timing clock
Related violations: <none>

TIMING-17#189 Warning
Non-clocked sequential cell  
The clock pin core/jtag_tap/srg_mdr_reg[30]/C is not reached by a timing clock
Related violations: <none>

TIMING-17#190 Warning
Non-clocked sequential cell  
The clock pin core/jtag_tap/srg_mdr_reg[31]/C is not reached by a timing clock
Related violations: <none>

TIMING-17#191 Warning
Non-clocked sequential cell  
The clock pin core/jtag_tap/srg_mdr_reg[32]/C is not reached by a timing clock
Related violations: <none>

TIMING-17#192 Warning
Non-clocked sequential cell  
The clock pin core/jtag_tap/srg_mdr_reg[33]/C is not reached by a timing clock
Related violations: <none>

TIMING-17#193 Warning
Non-clocked sequential cell  
The clock pin core/jtag_tap/srg_mdr_reg[34]/C is not reached by a timing clock
Related violations: <none>

TIMING-17#194 Warning
Non-clocked sequential cell  
The clock pin core/jtag_tap/srg_mdr_reg[35]/C is not reached by a timing clock
Related violations: <none>

TIMING-17#195 Warning
Non-clocked sequential cell  
The clock pin core/jtag_tap/srg_mdr_reg[36]/C is not reached by a timing clock
Related violations: <none>

TIMING-17#196 Warning
Non-clocked sequential cell  
The clock pin core/jtag_tap/srg_mdr_reg[37]/C is not reached by a timing clock
Related violations: <none>

TIMING-17#197 Warning
Non-clocked sequential cell  
The clock pin core/jtag_tap/srg_mdr_reg[38]/C is not reached by a timing clock
Related violations: <none>

TIMING-17#198 Warning
Non-clocked sequential cell  
The clock pin core/jtag_tap/srg_mdr_reg[39]/C is not reached by a timing clock
Related violations: <none>

TIMING-17#199 Warning
Non-clocked sequential cell  
The clock pin core/jtag_tap/srg_mdr_reg[3]/C is not reached by a timing clock
Related violations: <none>

TIMING-17#200 Warning
Non-clocked sequential cell  
The clock pin core/jtag_tap/srg_mdr_reg[40]/C is not reached by a timing clock
Related violations: <none>

TIMING-17#201 Warning
Non-clocked sequential cell  
The clock pin core/jtag_tap/srg_mdr_reg[41]/C is not reached by a timing clock
Related violations: <none>

TIMING-17#202 Warning
Non-clocked sequential cell  
The clock pin core/jtag_tap/srg_mdr_reg[42]/C is not reached by a timing clock
Related violations: <none>

TIMING-17#203 Warning
Non-clocked sequential cell  
The clock pin core/jtag_tap/srg_mdr_reg[43]/C is not reached by a timing clock
Related violations: <none>

TIMING-17#204 Warning
Non-clocked sequential cell  
The clock pin core/jtag_tap/srg_mdr_reg[44]/C is not reached by a timing clock
Related violations: <none>

TIMING-17#205 Warning
Non-clocked sequential cell  
The clock pin core/jtag_tap/srg_mdr_reg[45]/C is not reached by a timing clock
Related violations: <none>

TIMING-17#206 Warning
Non-clocked sequential cell  
The clock pin core/jtag_tap/srg_mdr_reg[46]/C is not reached by a timing clock
Related violations: <none>

TIMING-17#207 Warning
Non-clocked sequential cell  
The clock pin core/jtag_tap/srg_mdr_reg[47]/C is not reached by a timing clock
Related violations: <none>

TIMING-17#208 Warning
Non-clocked sequential cell  
The clock pin core/jtag_tap/srg_mdr_reg[48]/C is not reached by a timing clock
Related violations: <none>

TIMING-17#209 Warning
Non-clocked sequential cell  
The clock pin core/jtag_tap/srg_mdr_reg[49]/C is not reached by a timing clock
Related violations: <none>

TIMING-17#210 Warning
Non-clocked sequential cell  
The clock pin core/jtag_tap/srg_mdr_reg[4]/C is not reached by a timing clock
Related violations: <none>

TIMING-17#211 Warning
Non-clocked sequential cell  
The clock pin core/jtag_tap/srg_mdr_reg[50]/C is not reached by a timing clock
Related violations: <none>

TIMING-17#212 Warning
Non-clocked sequential cell  
The clock pin core/jtag_tap/srg_mdr_reg[51]/C is not reached by a timing clock
Related violations: <none>

TIMING-17#213 Warning
Non-clocked sequential cell  
The clock pin core/jtag_tap/srg_mdr_reg[52]/C is not reached by a timing clock
Related violations: <none>

TIMING-17#214 Warning
Non-clocked sequential cell  
The clock pin core/jtag_tap/srg_mdr_reg[53]/C is not reached by a timing clock
Related violations: <none>

TIMING-17#215 Warning
Non-clocked sequential cell  
The clock pin core/jtag_tap/srg_mdr_reg[54]/C is not reached by a timing clock
Related violations: <none>

TIMING-17#216 Warning
Non-clocked sequential cell  
The clock pin core/jtag_tap/srg_mdr_reg[55]/C is not reached by a timing clock
Related violations: <none>

TIMING-17#217 Warning
Non-clocked sequential cell  
The clock pin core/jtag_tap/srg_mdr_reg[56]/C is not reached by a timing clock
Related violations: <none>

TIMING-17#218 Warning
Non-clocked sequential cell  
The clock pin core/jtag_tap/srg_mdr_reg[57]/C is not reached by a timing clock
Related violations: <none>

TIMING-17#219 Warning
Non-clocked sequential cell  
The clock pin core/jtag_tap/srg_mdr_reg[58]/C is not reached by a timing clock
Related violations: <none>

TIMING-17#220 Warning
Non-clocked sequential cell  
The clock pin core/jtag_tap/srg_mdr_reg[59]/C is not reached by a timing clock
Related violations: <none>

TIMING-17#221 Warning
Non-clocked sequential cell  
The clock pin core/jtag_tap/srg_mdr_reg[5]/C is not reached by a timing clock
Related violations: <none>

TIMING-17#222 Warning
Non-clocked sequential cell  
The clock pin core/jtag_tap/srg_mdr_reg[60]/C is not reached by a timing clock
Related violations: <none>

TIMING-17#223 Warning
Non-clocked sequential cell  
The clock pin core/jtag_tap/srg_mdr_reg[61]/C is not reached by a timing clock
Related violations: <none>

TIMING-17#224 Warning
Non-clocked sequential cell  
The clock pin core/jtag_tap/srg_mdr_reg[62]/C is not reached by a timing clock
Related violations: <none>

TIMING-17#225 Warning
Non-clocked sequential cell  
The clock pin core/jtag_tap/srg_mdr_reg[63]/C is not reached by a timing clock
Related violations: <none>

TIMING-17#226 Warning
Non-clocked sequential cell  
The clock pin core/jtag_tap/srg_mdr_reg[64]/C is not reached by a timing clock
Related violations: <none>

TIMING-17#227 Warning
Non-clocked sequential cell  
The clock pin core/jtag_tap/srg_mdr_reg[65]/C is not reached by a timing clock
Related violations: <none>

TIMING-17#228 Warning
Non-clocked sequential cell  
The clock pin core/jtag_tap/srg_mdr_reg[66]/C is not reached by a timing clock
Related violations: <none>

TIMING-17#229 Warning
Non-clocked sequential cell  
The clock pin core/jtag_tap/srg_mdr_reg[67]/C is not reached by a timing clock
Related violations: <none>

TIMING-17#230 Warning
Non-clocked sequential cell  
The clock pin core/jtag_tap/srg_mdr_reg[68]/C is not reached by a timing clock
Related violations: <none>

TIMING-17#231 Warning
Non-clocked sequential cell  
The clock pin core/jtag_tap/srg_mdr_reg[69]/C is not reached by a timing clock
Related violations: <none>

TIMING-17#232 Warning
Non-clocked sequential cell  
The clock pin core/jtag_tap/srg_mdr_reg[6]/C is not reached by a timing clock
Related violations: <none>

TIMING-17#233 Warning
Non-clocked sequential cell  
The clock pin core/jtag_tap/srg_mdr_reg[70]/C is not reached by a timing clock
Related violations: <none>

TIMING-17#234 Warning
Non-clocked sequential cell  
The clock pin core/jtag_tap/srg_mdr_reg[71]/C is not reached by a timing clock
Related violations: <none>

TIMING-17#235 Warning
Non-clocked sequential cell  
The clock pin core/jtag_tap/srg_mdr_reg[72]/C is not reached by a timing clock
Related violations: <none>

TIMING-17#236 Warning
Non-clocked sequential cell  
The clock pin core/jtag_tap/srg_mdr_reg[73]/C is not reached by a timing clock
Related violations: <none>

TIMING-17#237 Warning
Non-clocked sequential cell  
The clock pin core/jtag_tap/srg_mdr_reg[74]/C is not reached by a timing clock
Related violations: <none>

TIMING-17#238 Warning
Non-clocked sequential cell  
The clock pin core/jtag_tap/srg_mdr_reg[75]/C is not reached by a timing clock
Related violations: <none>

TIMING-17#239 Warning
Non-clocked sequential cell  
The clock pin core/jtag_tap/srg_mdr_reg[76]/C is not reached by a timing clock
Related violations: <none>

TIMING-17#240 Warning
Non-clocked sequential cell  
The clock pin core/jtag_tap/srg_mdr_reg[77]/C is not reached by a timing clock
Related violations: <none>

TIMING-17#241 Warning
Non-clocked sequential cell  
The clock pin core/jtag_tap/srg_mdr_reg[78]/C is not reached by a timing clock
Related violations: <none>

TIMING-17#242 Warning
Non-clocked sequential cell  
The clock pin core/jtag_tap/srg_mdr_reg[79]/C is not reached by a timing clock
Related violations: <none>

TIMING-17#243 Warning
Non-clocked sequential cell  
The clock pin core/jtag_tap/srg_mdr_reg[7]/C is not reached by a timing clock
Related violations: <none>

TIMING-17#244 Warning
Non-clocked sequential cell  
The clock pin core/jtag_tap/srg_mdr_reg[80]/C is not reached by a timing clock
Related violations: <none>

TIMING-17#245 Warning
Non-clocked sequential cell  
The clock pin core/jtag_tap/srg_mdr_reg[81]/C is not reached by a timing clock
Related violations: <none>

TIMING-17#246 Warning
Non-clocked sequential cell  
The clock pin core/jtag_tap/srg_mdr_reg[82]/C is not reached by a timing clock
Related violations: <none>

TIMING-17#247 Warning
Non-clocked sequential cell  
The clock pin core/jtag_tap/srg_mdr_reg[83]/C is not reached by a timing clock
Related violations: <none>

TIMING-17#248 Warning
Non-clocked sequential cell  
The clock pin core/jtag_tap/srg_mdr_reg[84]/C is not reached by a timing clock
Related violations: <none>

TIMING-17#249 Warning
Non-clocked sequential cell  
The clock pin core/jtag_tap/srg_mdr_reg[85]/C is not reached by a timing clock
Related violations: <none>

TIMING-17#250 Warning
Non-clocked sequential cell  
The clock pin core/jtag_tap/srg_mdr_reg[86]/C is not reached by a timing clock
Related violations: <none>

TIMING-17#251 Warning
Non-clocked sequential cell  
The clock pin core/jtag_tap/srg_mdr_reg[87]/C is not reached by a timing clock
Related violations: <none>

TIMING-17#252 Warning
Non-clocked sequential cell  
The clock pin core/jtag_tap/srg_mdr_reg[88]/C is not reached by a timing clock
Related violations: <none>

TIMING-17#253 Warning
Non-clocked sequential cell  
The clock pin core/jtag_tap/srg_mdr_reg[89]/C is not reached by a timing clock
Related violations: <none>

TIMING-17#254 Warning
Non-clocked sequential cell  
The clock pin core/jtag_tap/srg_mdr_reg[8]/C is not reached by a timing clock
Related violations: <none>

TIMING-17#255 Warning
Non-clocked sequential cell  
The clock pin core/jtag_tap/srg_mdr_reg[90]/C is not reached by a timing clock
Related violations: <none>

TIMING-17#256 Warning
Non-clocked sequential cell  
The clock pin core/jtag_tap/srg_mdr_reg[91]/C is not reached by a timing clock
Related violations: <none>

TIMING-17#257 Warning
Non-clocked sequential cell  
The clock pin core/jtag_tap/srg_mdr_reg[92]/C is not reached by a timing clock
Related violations: <none>

TIMING-17#258 Warning
Non-clocked sequential cell  
The clock pin core/jtag_tap/srg_mdr_reg[93]/C is not reached by a timing clock
Related violations: <none>

TIMING-17#259 Warning
Non-clocked sequential cell  
The clock pin core/jtag_tap/srg_mdr_reg[94]/C is not reached by a timing clock
Related violations: <none>

TIMING-17#260 Warning
Non-clocked sequential cell  
The clock pin core/jtag_tap/srg_mdr_reg[95]/C is not reached by a timing clock
Related violations: <none>

TIMING-17#261 Warning
Non-clocked sequential cell  
The clock pin core/jtag_tap/srg_mdr_reg[96]/C is not reached by a timing clock
Related violations: <none>

TIMING-17#262 Warning
Non-clocked sequential cell  
The clock pin core/jtag_tap/srg_mdr_reg[97]/C is not reached by a timing clock
Related violations: <none>

TIMING-17#263 Warning
Non-clocked sequential cell  
The clock pin core/jtag_tap/srg_mdr_reg[98]/C is not reached by a timing clock
Related violations: <none>

TIMING-17#264 Warning
Non-clocked sequential cell  
The clock pin core/jtag_tap/srg_mdr_reg[99]/C is not reached by a timing clock
Related violations: <none>

TIMING-17#265 Warning
Non-clocked sequential cell  
The clock pin core/jtag_tap/srg_mdr_reg[9]/C is not reached by a timing clock
Related violations: <none>

TIMING-17#266 Warning
Non-clocked sequential cell  
The clock pin core/sync_request_to_dm/sDeqToggle_reg/C is not reached by a timing clock
Related violations: <none>

TIMING-17#267 Warning
Non-clocked sequential cell  
The clock pin core/sync_request_to_dm/sEnqToggle_reg/C is not reached by a timing clock
Related violations: <none>

TIMING-17#268 Warning
Non-clocked sequential cell  
The clock pin core/sync_request_to_dm/sSyncReg1_reg/C is not reached by a timing clock
Related violations: <none>

TIMING-17#269 Warning
Non-clocked sequential cell  
The clock pin core/sync_request_to_dm/syncFIFO1Data_reg[0]/C is not reached by a timing clock
Related violations: <none>

TIMING-17#270 Warning
Non-clocked sequential cell  
The clock pin core/sync_request_to_dm/syncFIFO1Data_reg[10]/C is not reached by a timing clock
Related violations: <none>

TIMING-17#271 Warning
Non-clocked sequential cell  
The clock pin core/sync_request_to_dm/syncFIFO1Data_reg[11]/C is not reached by a timing clock
Related violations: <none>

TIMING-17#272 Warning
Non-clocked sequential cell  
The clock pin core/sync_request_to_dm/syncFIFO1Data_reg[12]/C is not reached by a timing clock
Related violations: <none>

TIMING-17#273 Warning
Non-clocked sequential cell  
The clock pin core/sync_request_to_dm/syncFIFO1Data_reg[13]/C is not reached by a timing clock
Related violations: <none>

TIMING-17#274 Warning
Non-clocked sequential cell  
The clock pin core/sync_request_to_dm/syncFIFO1Data_reg[14]/C is not reached by a timing clock
Related violations: <none>

TIMING-17#275 Warning
Non-clocked sequential cell  
The clock pin core/sync_request_to_dm/syncFIFO1Data_reg[15]/C is not reached by a timing clock
Related violations: <none>

TIMING-17#276 Warning
Non-clocked sequential cell  
The clock pin core/sync_request_to_dm/syncFIFO1Data_reg[16]/C is not reached by a timing clock
Related violations: <none>

TIMING-17#277 Warning
Non-clocked sequential cell  
The clock pin core/sync_request_to_dm/syncFIFO1Data_reg[17]/C is not reached by a timing clock
Related violations: <none>

TIMING-17#278 Warning
Non-clocked sequential cell  
The clock pin core/sync_request_to_dm/syncFIFO1Data_reg[18]/C is not reached by a timing clock
Related violations: <none>

TIMING-17#279 Warning
Non-clocked sequential cell  
The clock pin core/sync_request_to_dm/syncFIFO1Data_reg[19]/C is not reached by a timing clock
Related violations: <none>

TIMING-17#280 Warning
Non-clocked sequential cell  
The clock pin core/sync_request_to_dm/syncFIFO1Data_reg[1]/C is not reached by a timing clock
Related violations: <none>

TIMING-17#281 Warning
Non-clocked sequential cell  
The clock pin core/sync_request_to_dm/syncFIFO1Data_reg[20]/C is not reached by a timing clock
Related violations: <none>

TIMING-17#282 Warning
Non-clocked sequential cell  
The clock pin core/sync_request_to_dm/syncFIFO1Data_reg[21]/C is not reached by a timing clock
Related violations: <none>

TIMING-17#283 Warning
Non-clocked sequential cell  
The clock pin core/sync_request_to_dm/syncFIFO1Data_reg[22]/C is not reached by a timing clock
Related violations: <none>

TIMING-17#284 Warning
Non-clocked sequential cell  
The clock pin core/sync_request_to_dm/syncFIFO1Data_reg[23]/C is not reached by a timing clock
Related violations: <none>

TIMING-17#285 Warning
Non-clocked sequential cell  
The clock pin core/sync_request_to_dm/syncFIFO1Data_reg[24]/C is not reached by a timing clock
Related violations: <none>

TIMING-17#286 Warning
Non-clocked sequential cell  
The clock pin core/sync_request_to_dm/syncFIFO1Data_reg[25]/C is not reached by a timing clock
Related violations: <none>

TIMING-17#287 Warning
Non-clocked sequential cell  
The clock pin core/sync_request_to_dm/syncFIFO1Data_reg[26]/C is not reached by a timing clock
Related violations: <none>

TIMING-17#288 Warning
Non-clocked sequential cell  
The clock pin core/sync_request_to_dm/syncFIFO1Data_reg[27]/C is not reached by a timing clock
Related violations: <none>

TIMING-17#289 Warning
Non-clocked sequential cell  
The clock pin core/sync_request_to_dm/syncFIFO1Data_reg[28]/C is not reached by a timing clock
Related violations: <none>

TIMING-17#290 Warning
Non-clocked sequential cell  
The clock pin core/sync_request_to_dm/syncFIFO1Data_reg[29]/C is not reached by a timing clock
Related violations: <none>

TIMING-17#291 Warning
Non-clocked sequential cell  
The clock pin core/sync_request_to_dm/syncFIFO1Data_reg[2]/C is not reached by a timing clock
Related violations: <none>

TIMING-17#292 Warning
Non-clocked sequential cell  
The clock pin core/sync_request_to_dm/syncFIFO1Data_reg[30]/C is not reached by a timing clock
Related violations: <none>

TIMING-17#293 Warning
Non-clocked sequential cell  
The clock pin core/sync_request_to_dm/syncFIFO1Data_reg[31]/C is not reached by a timing clock
Related violations: <none>

TIMING-17#294 Warning
Non-clocked sequential cell  
The clock pin core/sync_request_to_dm/syncFIFO1Data_reg[32]/C is not reached by a timing clock
Related violations: <none>

TIMING-17#295 Warning
Non-clocked sequential cell  
The clock pin core/sync_request_to_dm/syncFIFO1Data_reg[33]/C is not reached by a timing clock
Related violations: <none>

TIMING-17#296 Warning
Non-clocked sequential cell  
The clock pin core/sync_request_to_dm/syncFIFO1Data_reg[34]/C is not reached by a timing clock
Related violations: <none>

TIMING-17#297 Warning
Non-clocked sequential cell  
The clock pin core/sync_request_to_dm/syncFIFO1Data_reg[35]/C is not reached by a timing clock
Related violations: <none>

TIMING-17#298 Warning
Non-clocked sequential cell  
The clock pin core/sync_request_to_dm/syncFIFO1Data_reg[36]/C is not reached by a timing clock
Related violations: <none>

TIMING-17#299 Warning
Non-clocked sequential cell  
The clock pin core/sync_request_to_dm/syncFIFO1Data_reg[37]/C is not reached by a timing clock
Related violations: <none>

TIMING-17#300 Warning
Non-clocked sequential cell  
The clock pin core/sync_request_to_dm/syncFIFO1Data_reg[38]/C is not reached by a timing clock
Related violations: <none>

TIMING-17#301 Warning
Non-clocked sequential cell  
The clock pin core/sync_request_to_dm/syncFIFO1Data_reg[39]/C is not reached by a timing clock
Related violations: <none>

TIMING-17#302 Warning
Non-clocked sequential cell  
The clock pin core/sync_request_to_dm/syncFIFO1Data_reg[3]/C is not reached by a timing clock
Related violations: <none>

TIMING-17#303 Warning
Non-clocked sequential cell  
The clock pin core/sync_request_to_dm/syncFIFO1Data_reg[4]/C is not reached by a timing clock
Related violations: <none>

TIMING-17#304 Warning
Non-clocked sequential cell  
The clock pin core/sync_request_to_dm/syncFIFO1Data_reg[5]/C is not reached by a timing clock
Related violations: <none>

TIMING-17#305 Warning
Non-clocked sequential cell  
The clock pin core/sync_request_to_dm/syncFIFO1Data_reg[6]/C is not reached by a timing clock
Related violations: <none>

TIMING-17#306 Warning
Non-clocked sequential cell  
The clock pin core/sync_request_to_dm/syncFIFO1Data_reg[7]/C is not reached by a timing clock
Related violations: <none>

TIMING-17#307 Warning
Non-clocked sequential cell  
The clock pin core/sync_request_to_dm/syncFIFO1Data_reg[8]/C is not reached by a timing clock
Related violations: <none>

TIMING-17#308 Warning
Non-clocked sequential cell  
The clock pin core/sync_request_to_dm/syncFIFO1Data_reg[9]/C is not reached by a timing clock
Related violations: <none>

TIMING-17#309 Warning
Non-clocked sequential cell  
The clock pin core/sync_response_from_dm/dDeqToggle_reg/C is not reached by a timing clock
Related violations: <none>

TIMING-17#310 Warning
Non-clocked sequential cell  
The clock pin core/sync_response_from_dm/dEnqToggle_reg/C is not reached by a timing clock
Related violations: <none>

TIMING-17#311 Warning
Non-clocked sequential cell  
The clock pin core/sync_response_from_dm/dSyncReg1_reg/C is not reached by a timing clock
Related violations: <none>

TIMING-17#312 Warning
Non-clocked sequential cell  
The clock pin core/tdo_reg/C is not reached by a timing clock
Related violations: <none>


