Copyright 1986-2018 Xilinx, Inc. All Rights Reserved.
-------------------------------------------------------------------------------------------
| Tool Version      : Vivado v.2018.3 (lin64) Build 2405991 Thu Dec  6 23:36:41 MST 2018
| Date              : Sun Sep  6 09:59:36 2020
| Host              : DESKTOP-VO2BSI1 running 64-bit Ubuntu 18.04.4 LTS
| Command           : report_clock_utilization -file fpga_top_clock_utilization_routed.rpt
| Design            : fpga_top
| Device            : 7a35ti-csg324
| Speed File        : -1L  PRODUCTION 1.23 2018-06-13
| Temperature Grade : I
-------------------------------------------------------------------------------------------

Clock Utilization Report

Table of Contents
-----------------
1. Clock Primitive Utilization
2. Global Clock Resources
3. Global Clock Source Details
4. Clock Regions: Key Resource Utilization
5. Clock Regions : Global Clock Summary
6. Device Cell Placement Summary for Global Clock g0
7. Device Cell Placement Summary for Global Clock g1
8. Device Cell Placement Summary for Global Clock g2
9. Device Cell Placement Summary for Global Clock g3
10. Device Cell Placement Summary for Global Clock g4
11. Device Cell Placement Summary for Global Clock g5
12. Device Cell Placement Summary for Global Clock g6
13. Device Cell Placement Summary for Global Clock g7
14. Device Cell Placement Summary for Global Clock g8
15. Clock Region Cell Placement per Global Clock: Region X0Y0
16. Clock Region Cell Placement per Global Clock: Region X1Y0
17. Clock Region Cell Placement per Global Clock: Region X0Y1
18. Clock Region Cell Placement per Global Clock: Region X1Y1
19. Clock Region Cell Placement per Global Clock: Region X0Y2
20. Clock Region Cell Placement per Global Clock: Region X1Y2

1. Clock Primitive Utilization
------------------------------

+----------+------+-----------+-----+--------------+--------+
| Type     | Used | Available | LOC | Clock Region | Pblock |
+----------+------+-----------+-----+--------------+--------+
| BUFGCTRL |    9 |        32 |   0 |            0 |      0 |
| BUFH     |    0 |        72 |   0 |            0 |      0 |
| BUFIO    |    0 |        20 |   0 |            0 |      0 |
| BUFMR    |    0 |        10 |   0 |            0 |      0 |
| BUFR     |    0 |        20 |   0 |            0 |      0 |
| MMCM     |    1 |         5 |   0 |            0 |      0 |
| PLL      |    0 |         5 |   0 |            0 |      0 |
+----------+------+-----------+-----+--------------+--------+


2. Global Clock Resources
-------------------------

+-----------+-----------+-----------------+------------+----------------+--------------+-------------------+-------------+-----------------+--------------+----------------------+----------------------------+-----------------------------------------------------------+
| Global Id | Source Id | Driver Type/Pin | Constraint | Site           | Clock Region | Load Clock Region | Clock Loads | Non-Clock Loads | Clock Period | Clock                | Driver Pin                 | Net                                                       |
+-----------+-----------+-----------------+------------+----------------+--------------+-------------------+-------------+-----------------+--------------+----------------------+----------------------------+-----------------------------------------------------------+
| g0        | src0      | BUFG/O          | None       | BUFGCTRL_X0Y16 | n/a          |                 6 |       20276 |               6 |       20.000 | clk_out1_clk_divider | clk_div/inst/clkout1_buf/O | clk_div/inst/clk_out1                                     |
| g1        | src1      | BUFG/O          | None       | BUFGCTRL_X0Y0  | n/a          |                 2 |         312 |               0 |              |                      | wire_tck_clk_BUFG_inst/O   | wire_tck_clk_BUFG                                         |
| g2        | src2      | BUFG/O          | None       | BUFGCTRL_X0Y6  | n/a          |                 1 |          71 |               0 |       20.000 | clk_out1_clk_divider | dSyncReg1_reg_i_1__4/O     | pwm_cluster/pwm0/pwm_clock_divider_clock_selector_CLK_OUT |
| g3        | src3      | BUFG/O          | None       | BUFGCTRL_X0Y1  | n/a          |                 1 |          71 |               0 |       20.000 | clk_out1_clk_divider | dSyncReg1_reg_i_1/O        | pwm_cluster/pwm1/pwm_clock_divider_clock_selector_CLK_OUT |
| g4        | src4      | BUFG/O          | None       | BUFGCTRL_X0Y2  | n/a          |                 1 |          71 |               0 |       20.000 | clk_out1_clk_divider | dSyncReg1_reg_i_1__0/O     | pwm_cluster/pwm2/pwm_clock_divider_clock_selector_CLK_OUT |
| g5        | src5      | BUFG/O          | None       | BUFGCTRL_X0Y3  | n/a          |                 1 |          71 |               0 |       20.000 | clk_out1_clk_divider | dSyncReg1_reg_i_1__1/O     | pwm_cluster/pwm3/pwm_clock_divider_clock_selector_CLK_OUT |
| g6        | src6      | BUFG/O          | None       | BUFGCTRL_X0Y4  | n/a          |                 1 |          71 |               0 |       20.000 | clk_out1_clk_divider | dSyncReg1_reg_i_1__2/O     | pwm_cluster/pwm4/pwm_clock_divider_clock_selector_CLK_OUT |
| g7        | src7      | BUFG/O          | None       | BUFGCTRL_X0Y5  | n/a          |                 2 |          71 |               0 |       20.000 | clk_out1_clk_divider | dSyncReg1_reg_i_1__3/O     | pwm_cluster/pwm5/pwm_clock_divider_clock_selector_CLK_OUT |
| g8        | src0      | BUFG/O          | None       | BUFGCTRL_X0Y17 | n/a          |                 1 |           1 |               0 |       10.000 | clkfbout_clk_divider | clk_div/inst/clkf_buf/O    | clk_div/inst/clkfbout_buf_clk_divider                     |
+-----------+-----------+-----------------+------------+----------------+--------------+-------------------+-------------+-----------------+--------------+----------------------+----------------------------+-----------------------------------------------------------+
* Clock Loads column represents the clock pin loads (pin count)
** Non-Clock Loads column represents the non-clock pin loads (pin count)


3. Global Clock Source Details
------------------------------

+-----------+-----------+---------------------+------------+-----------------+--------------+-------------+-----------------+---------------------+----------------------+----------------------------------------------------------------------+---------------------------------------------------------------------+
| Source Id | Global Id | Driver Type/Pin     | Constraint | Site            | Clock Region | Clock Loads | Non-Clock Loads | Source Clock Period | Source Clock         | Driver Pin                                                           | Net                                                                 |
+-----------+-----------+---------------------+------------+-----------------+--------------+-------------+-----------------+---------------------+----------------------+----------------------------------------------------------------------+---------------------------------------------------------------------+
| src0      | g0        | MMCME2_ADV/CLKOUT0  | None       | MMCME2_ADV_X1Y1 | X1Y1         |           1 |               0 |              20.000 | clk_out1_clk_divider | clk_div/inst/mmcm_adv_inst/CLKOUT0                                   | clk_div/inst/clk_out1_clk_divider                                   |
| src0      | g8        | MMCME2_ADV/CLKFBOUT | None       | MMCME2_ADV_X1Y1 | X1Y1         |           1 |               0 |              10.000 | clkfbout_clk_divider | clk_div/inst/mmcm_adv_inst/CLKFBOUT                                  | clk_div/inst/clkfbout_clk_divider                                   |
| src1      | g1        | BSCANE2/TCK         | None       | BSCAN_X0Y3      | X0Y0         |           1 |               0 |                     |                      | bse2_inst/TCK                                                        | wire_tck_clk                                                        |
| src2      | g2        | LUT3/O              | None       | SLICE_X35Y45    | X0Y0         |           1 |               0 |              20.000 | clk_out1_clk_divider | core/pwm_cluster/pwm0/pwm_clock_divider_new_clock/dSyncReg1_i_2/O    | core/pwm_cluster/pwm0/pwm_clock_divider_new_clock/current_clk_reg_0 |
| src3      | g3        | LUT3/O              | None       | SLICE_X37Y46    | X1Y0         |           1 |               0 |              20.000 | clk_out1_clk_divider | core/pwm_cluster/pwm1/pwm_clock_divider_new_clock/dSyncReg1_i_2__0/O | core/pwm_cluster/pwm1/pwm_clock_divider_new_clock/current_clk_reg_0 |
| src4      | g4        | LUT3/O              | None       | SLICE_X36Y46    | X1Y0         |           1 |               0 |              20.000 | clk_out1_clk_divider | core/pwm_cluster/pwm2/pwm_clock_divider_new_clock/dSyncReg1_i_2__1/O | core/pwm_cluster/pwm2/pwm_clock_divider_new_clock/current_clk_reg_0 |
| src5      | g5        | LUT3/O              | None       | SLICE_X36Y45    | X1Y0         |           1 |               0 |              20.000 | clk_out1_clk_divider | core/pwm_cluster/pwm3/pwm_clock_divider_new_clock/dSyncReg1_i_2__2/O | core/pwm_cluster/pwm3/pwm_clock_divider_new_clock/current_clk_reg_0 |
| src6      | g6        | LUT3/O              | None       | SLICE_X36Y45    | X1Y0         |           1 |               0 |              20.000 | clk_out1_clk_divider | core/pwm_cluster/pwm4/pwm_clock_divider_new_clock/dSyncReg1_i_2__3/O | core/pwm_cluster/pwm4/pwm_clock_divider_new_clock/current_clk_reg_0 |
| src7      | g7        | LUT3/O              | None       | SLICE_X35Y45    | X0Y0         |           1 |               0 |              20.000 | clk_out1_clk_divider | core/pwm_cluster/pwm5/pwm_clock_divider_new_clock/dSyncReg1_i_2__4/O | core/pwm_cluster/pwm5/pwm_clock_divider_new_clock/current_clk_reg_0 |
+-----------+-----------+---------------------+------------+-----------------+--------------+-------------+-----------------+---------------------+----------------------+----------------------------------------------------------------------+---------------------------------------------------------------------+
* Clock Loads column represents the clock pin loads (pin count)
** Non-Clock Loads column represents the non-clock pin loads (pin count)


4. Clock Regions: Key Resource Utilization
------------------------------------------

+-------------------+--------------+--------------+--------------+--------------+--------------+--------------+--------------+--------------+--------------+--------------+--------------+--------------+--------------+--------------+--------------+
|                   | Global Clock |     BUFRs    |    BUFMRs    |    BUFIOs    |     MMCM     |      PLL     |      GT      |      PCI     |    ILOGIC    |    OLOGIC    |      FF      |     LUTM     |    RAMB18    |    RAMB36    |    DSP48E2   |
+-------------------+------+-------+------+-------+------+-------+------+-------+------+-------+------+-------+------+-------+------+-------+------+-------+------+-------+------+-------+------+-------+------+-------+------+-------+------+-------+
| Clock Region Name | Used | Avail | Used | Avail | Used | Avail | Used | Avail | Used | Avail | Used | Avail | Used | Avail | Used | Avail | Used | Avail | Used | Avail | Used | Avail | Used | Avail | Used | Avail | Used | Avail | Used | Avail |
+-------------------+------+-------+------+-------+------+-------+------+-------+------+-------+------+-------+------+-------+------+-------+------+-------+------+-------+------+-------+------+-------+------+-------+------+-------+------+-------+
| X0Y0              |    3 |    12 |    0 |     4 |    0 |     2 |    0 |     4 |    0 |     1 |    0 |     1 |    0 |     0 |    0 |     0 |    0 |    50 |    0 |    50 | 3175 |  1200 | 1073 |   400 |    0 |    20 |    9 |    10 |    0 |    20 |
| X1Y0              |    6 |    12 |    0 |     4 |    0 |     2 |    0 |     4 |    0 |     1 |    0 |     1 |    0 |     0 |    0 |     0 |    0 |    50 |    0 |    50 | 4966 |  1500 | 1440 |   450 |    0 |    40 |   17 |    20 |    0 |    20 |
| X0Y1              |    2 |    12 |    0 |     4 |    0 |     2 |    0 |     4 |    0 |     1 |    0 |     1 |    0 |     0 |    0 |     0 |    0 |    50 |    0 |    50 | 3669 |  1200 | 1163 |   400 |    0 |    20 |    5 |    10 |    0 |    20 |
| X1Y1              |    2 |    12 |    0 |     4 |    0 |     2 |    0 |     4 |    1 |     1 |    0 |     1 |    0 |     0 |    0 |     0 |    0 |    50 |    0 |    50 | 3529 |  1500 |  987 |   450 |    0 |    40 |    3 |    20 |    4 |    20 |
| X0Y2              |    2 |    12 |    0 |     4 |    0 |     2 |    0 |     4 |    0 |     1 |    0 |     1 |    0 |     0 |    0 |     0 |    0 |    50 |    0 |    50 | 4688 |  1800 | 1014 |   400 |    0 |    20 |    0 |    10 |    0 |    20 |
| X1Y2              |    1 |    12 |    0 |     0 |    0 |     0 |    0 |     0 |    0 |     0 |    0 |     0 |    0 |     4 |    0 |     1 |    0 |     0 |    0 |     0 |  864 |   950 |  199 |   300 |    0 |    10 |    0 |     5 |    0 |    20 |
+-------------------+------+-------+------+-------+------+-------+------+-------+------+-------+------+-------+------+-------+------+-------+------+-------+------+-------+------+-------+------+-------+------+-------+------+-------+------+-------+
* Global Clock column represents track count; while other columns represents cell counts


5. Clock Regions : Global Clock Summary
---------------------------------------

All Modules
+----+----+----+
|    | X0 | X1 |
+----+----+----+
| Y2 |  2 |  1 |
| Y1 |  2 |  2 |
| Y0 |  3 |  6 |
+----+----+----+


6. Device Cell Placement Summary for Global Clock g0
----------------------------------------------------

+-----------+-----------------+-------------------+----------------------+-------------+----------------+-------------+----------+----------------+----------+-----------------------+
| Global Id | Driver Type/Pin | Driver Region (D) | Clock                | Period (ns) | Waveform (ns)  | Slice Loads | IO Loads | Clocking Loads | GT Loads | Net                   |
+-----------+-----------------+-------------------+----------------------+-------------+----------------+-------------+----------+----------------+----------+-----------------------+
| g0        | BUFG/O          | n/a               | clk_out1_clk_divider |      20.000 | {0.000 10.000} |       20230 |        0 |              0 |        0 | clk_div/inst/clk_out1 |
+-----------+-----------------+-------------------+----------------------+-------------+----------------+-------------+----------+----------------+----------+-----------------------+
* Logic Loads column represents load cell count of all cell types other than IO, GT and clock resources
** IO Loads column represents load cell count of IO types
*** Clocking Loads column represents load cell count that are clock resources (global clock buffer, MMCM, PLL, etc)
**** GT Loads column represents load cell count of GT types


+----+-------+-------+
|    | X0    | X1    |
+----+-------+-------+
| Y2 |  4379 |   864 |
| Y1 |  3672 |  3568 |
| Y0 |  3105 |  4642 |
+----+-------+-------+


7. Device Cell Placement Summary for Global Clock g1
----------------------------------------------------

+-----------+-----------------+-------------------+-------+-------------+---------------+-------------+----------+----------------+----------+-------------------+
| Global Id | Driver Type/Pin | Driver Region (D) | Clock | Period (ns) | Waveform (ns) | Slice Loads | IO Loads | Clocking Loads | GT Loads | Net               |
+-----------+-----------------+-------------------+-------+-------------+---------------+-------------+----------+----------------+----------+-------------------+
| g1        | BUFG/O          | n/a               |       |             |               |         312 |        0 |              0 |        0 | wire_tck_clk_BUFG |
+-----------+-----------------+-------------------+-------+-------------+---------------+-------------+----------+----------------+----------+-------------------+
* Logic Loads column represents load cell count of all cell types other than IO, GT and clock resources
** IO Loads column represents load cell count of IO types
*** Clocking Loads column represents load cell count that are clock resources (global clock buffer, MMCM, PLL, etc)
**** GT Loads column represents load cell count of GT types


+----+------+----+
|    | X0   | X1 |
+----+------+----+
| Y2 |  309 |  0 |
| Y1 |    3 |  0 |
| Y0 |    0 |  0 |
+----+------+----+


8. Device Cell Placement Summary for Global Clock g2
----------------------------------------------------

+-----------+-----------------+-------------------+----------------------+-------------+----------------+-------------+----------+----------------+----------+-----------------------------------------------------------+
| Global Id | Driver Type/Pin | Driver Region (D) | Clock                | Period (ns) | Waveform (ns)  | Slice Loads | IO Loads | Clocking Loads | GT Loads | Net                                                       |
+-----------+-----------------+-------------------+----------------------+-------------+----------------+-------------+----------+----------------+----------+-----------------------------------------------------------+
| g2        | BUFG/O          | n/a               | clk_out1_clk_divider |      20.000 | {0.000 10.000} |          71 |        0 |              0 |        0 | pwm_cluster/pwm0/pwm_clock_divider_clock_selector_CLK_OUT |
+-----------+-----------------+-------------------+----------------------+-------------+----------------+-------------+----------+----------------+----------+-----------------------------------------------------------+
* Logic Loads column represents load cell count of all cell types other than IO, GT and clock resources
** IO Loads column represents load cell count of IO types
*** Clocking Loads column represents load cell count that are clock resources (global clock buffer, MMCM, PLL, etc)
**** GT Loads column represents load cell count of GT types


+----+-----+----+
|    | X0  | X1 |
+----+-----+----+
| Y2 |   0 |  0 |
| Y1 |   0 |  0 |
| Y0 |  71 |  0 |
+----+-----+----+


9. Device Cell Placement Summary for Global Clock g3
----------------------------------------------------

+-----------+-----------------+-------------------+----------------------+-------------+----------------+-------------+----------+----------------+----------+-----------------------------------------------------------+
| Global Id | Driver Type/Pin | Driver Region (D) | Clock                | Period (ns) | Waveform (ns)  | Slice Loads | IO Loads | Clocking Loads | GT Loads | Net                                                       |
+-----------+-----------------+-------------------+----------------------+-------------+----------------+-------------+----------+----------------+----------+-----------------------------------------------------------+
| g3        | BUFG/O          | n/a               | clk_out1_clk_divider |      20.000 | {0.000 10.000} |          71 |        0 |              0 |        0 | pwm_cluster/pwm1/pwm_clock_divider_clock_selector_CLK_OUT |
+-----------+-----------------+-------------------+----------------------+-------------+----------------+-------------+----------+----------------+----------+-----------------------------------------------------------+
* Logic Loads column represents load cell count of all cell types other than IO, GT and clock resources
** IO Loads column represents load cell count of IO types
*** Clocking Loads column represents load cell count that are clock resources (global clock buffer, MMCM, PLL, etc)
**** GT Loads column represents load cell count of GT types


+----+----+-----+
|    | X0 | X1  |
+----+----+-----+
| Y2 |  0 |   0 |
| Y1 |  0 |   0 |
| Y0 |  0 |  71 |
+----+----+-----+


10. Device Cell Placement Summary for Global Clock g4
-----------------------------------------------------

+-----------+-----------------+-------------------+----------------------+-------------+----------------+-------------+----------+----------------+----------+-----------------------------------------------------------+
| Global Id | Driver Type/Pin | Driver Region (D) | Clock                | Period (ns) | Waveform (ns)  | Slice Loads | IO Loads | Clocking Loads | GT Loads | Net                                                       |
+-----------+-----------------+-------------------+----------------------+-------------+----------------+-------------+----------+----------------+----------+-----------------------------------------------------------+
| g4        | BUFG/O          | n/a               | clk_out1_clk_divider |      20.000 | {0.000 10.000} |          71 |        0 |              0 |        0 | pwm_cluster/pwm2/pwm_clock_divider_clock_selector_CLK_OUT |
+-----------+-----------------+-------------------+----------------------+-------------+----------------+-------------+----------+----------------+----------+-----------------------------------------------------------+
* Logic Loads column represents load cell count of all cell types other than IO, GT and clock resources
** IO Loads column represents load cell count of IO types
*** Clocking Loads column represents load cell count that are clock resources (global clock buffer, MMCM, PLL, etc)
**** GT Loads column represents load cell count of GT types


+----+----+-----+
|    | X0 | X1  |
+----+----+-----+
| Y2 |  0 |   0 |
| Y1 |  0 |   0 |
| Y0 |  0 |  71 |
+----+----+-----+


11. Device Cell Placement Summary for Global Clock g5
-----------------------------------------------------

+-----------+-----------------+-------------------+----------------------+-------------+----------------+-------------+----------+----------------+----------+-----------------------------------------------------------+
| Global Id | Driver Type/Pin | Driver Region (D) | Clock                | Period (ns) | Waveform (ns)  | Slice Loads | IO Loads | Clocking Loads | GT Loads | Net                                                       |
+-----------+-----------------+-------------------+----------------------+-------------+----------------+-------------+----------+----------------+----------+-----------------------------------------------------------+
| g5        | BUFG/O          | n/a               | clk_out1_clk_divider |      20.000 | {0.000 10.000} |          71 |        0 |              0 |        0 | pwm_cluster/pwm3/pwm_clock_divider_clock_selector_CLK_OUT |
+-----------+-----------------+-------------------+----------------------+-------------+----------------+-------------+----------+----------------+----------+-----------------------------------------------------------+
* Logic Loads column represents load cell count of all cell types other than IO, GT and clock resources
** IO Loads column represents load cell count of IO types
*** Clocking Loads column represents load cell count that are clock resources (global clock buffer, MMCM, PLL, etc)
**** GT Loads column represents load cell count of GT types


+----+----+-----+
|    | X0 | X1  |
+----+----+-----+
| Y2 |  0 |   0 |
| Y1 |  0 |   0 |
| Y0 |  0 |  71 |
+----+----+-----+


12. Device Cell Placement Summary for Global Clock g6
-----------------------------------------------------

+-----------+-----------------+-------------------+----------------------+-------------+----------------+-------------+----------+----------------+----------+-----------------------------------------------------------+
| Global Id | Driver Type/Pin | Driver Region (D) | Clock                | Period (ns) | Waveform (ns)  | Slice Loads | IO Loads | Clocking Loads | GT Loads | Net                                                       |
+-----------+-----------------+-------------------+----------------------+-------------+----------------+-------------+----------+----------------+----------+-----------------------------------------------------------+
| g6        | BUFG/O          | n/a               | clk_out1_clk_divider |      20.000 | {0.000 10.000} |          71 |        0 |              0 |        0 | pwm_cluster/pwm4/pwm_clock_divider_clock_selector_CLK_OUT |
+-----------+-----------------+-------------------+----------------------+-------------+----------------+-------------+----------+----------------+----------+-----------------------------------------------------------+
* Logic Loads column represents load cell count of all cell types other than IO, GT and clock resources
** IO Loads column represents load cell count of IO types
*** Clocking Loads column represents load cell count that are clock resources (global clock buffer, MMCM, PLL, etc)
**** GT Loads column represents load cell count of GT types


+----+----+-----+
|    | X0 | X1  |
+----+----+-----+
| Y2 |  0 |   0 |
| Y1 |  0 |   0 |
| Y0 |  0 |  71 |
+----+----+-----+


13. Device Cell Placement Summary for Global Clock g7
-----------------------------------------------------

+-----------+-----------------+-------------------+----------------------+-------------+----------------+-------------+----------+----------------+----------+-----------------------------------------------------------+
| Global Id | Driver Type/Pin | Driver Region (D) | Clock                | Period (ns) | Waveform (ns)  | Slice Loads | IO Loads | Clocking Loads | GT Loads | Net                                                       |
+-----------+-----------------+-------------------+----------------------+-------------+----------------+-------------+----------+----------------+----------+-----------------------------------------------------------+
| g7        | BUFG/O          | n/a               | clk_out1_clk_divider |      20.000 | {0.000 10.000} |          71 |        0 |              0 |        0 | pwm_cluster/pwm5/pwm_clock_divider_clock_selector_CLK_OUT |
+-----------+-----------------+-------------------+----------------------+-------------+----------------+-------------+----------+----------------+----------+-----------------------------------------------------------+
* Logic Loads column represents load cell count of all cell types other than IO, GT and clock resources
** IO Loads column represents load cell count of IO types
*** Clocking Loads column represents load cell count that are clock resources (global clock buffer, MMCM, PLL, etc)
**** GT Loads column represents load cell count of GT types


+----+-----+-----+
|    | X0  | X1  |
+----+-----+-----+
| Y2 |   0 |   0 |
| Y1 |   0 |   0 |
| Y0 |  10 |  61 |
+----+-----+-----+


14. Device Cell Placement Summary for Global Clock g8
-----------------------------------------------------

+-----------+-----------------+-------------------+----------------------+-------------+---------------+-------------+----------+----------------+----------+---------------------------------------+
| Global Id | Driver Type/Pin | Driver Region (D) | Clock                | Period (ns) | Waveform (ns) | Slice Loads | IO Loads | Clocking Loads | GT Loads | Net                                   |
+-----------+-----------------+-------------------+----------------------+-------------+---------------+-------------+----------+----------------+----------+---------------------------------------+
| g8        | BUFG/O          | n/a               | clkfbout_clk_divider |      10.000 | {0.000 5.000} |           0 |        0 |              1 |        0 | clk_div/inst/clkfbout_buf_clk_divider |
+-----------+-----------------+-------------------+----------------------+-------------+---------------+-------------+----------+----------------+----------+---------------------------------------+
* Logic Loads column represents load cell count of all cell types other than IO, GT and clock resources
** IO Loads column represents load cell count of IO types
*** Clocking Loads column represents load cell count that are clock resources (global clock buffer, MMCM, PLL, etc)
**** GT Loads column represents load cell count of GT types


+----+----+----+
|    | X0 | X1 |
+----+----+----+
| Y2 |  0 |  0 |
| Y1 |  0 |  1 |
| Y0 |  0 |  0 |
+----+----+----+


15. Clock Region Cell Placement per Global Clock: Region X0Y0
-------------------------------------------------------------

+-----------+-------+-----------------+------------+-------------+-----------------+------+--------+------+-----+----+------+-----+---------+-----------------------------------------------------------+
| Global Id | Track | Driver Type/Pin | Constraint | Clock Loads | Non-Clock Loads | FF   | LUTRAM | RAMB | DSP | GT | MMCM | PLL | Hard IP | Net                                                       |
+-----------+-------+-----------------+------------+-------------+-----------------+------+--------+------+-----+----+------+-----+---------+-----------------------------------------------------------+
| g0        | n/a   | BUFG/O          | None       |        3103 |               2 | 3094 |      0 |    9 |   0 |  0 |    0 |   0 |       0 | clk_div/inst/clk_out1                                     |
| g2        | n/a   | BUFG/O          | None       |          71 |               0 |   71 |      0 |    0 |   0 |  0 |    0 |   0 |       0 | pwm_cluster/pwm0/pwm_clock_divider_clock_selector_CLK_OUT |
| g7        | n/a   | BUFG/O          | None       |          10 |               0 |   10 |      0 |    0 |   0 |  0 |    0 |   0 |       0 | pwm_cluster/pwm5/pwm_clock_divider_clock_selector_CLK_OUT |
+-----------+-------+-----------------+------------+-------------+-----------------+------+--------+------+-----+----+------+-----+---------+-----------------------------------------------------------+
* Clock Loads column represents the clock pin loads (pin count)
** Non-Clock Loads column represents the non-clock pin loads (pin count)
*** Columns FF, LUTRAM, RAMB through 'Hard IP' represents load cell counts


16. Clock Region Cell Placement per Global Clock: Region X1Y0
-------------------------------------------------------------

+-----------+-------+-----------------+------------+-------------+-----------------+------+--------+------+-----+----+------+-----+---------+-----------------------------------------------------------+
| Global Id | Track | Driver Type/Pin | Constraint | Clock Loads | Non-Clock Loads | FF   | LUTRAM | RAMB | DSP | GT | MMCM | PLL | Hard IP | Net                                                       |
+-----------+-------+-----------------+------------+-------------+-----------------+------+--------+------+-----+----+------+-----+---------+-----------------------------------------------------------+
| g0        | n/a   | BUFG/O          | None       |        4638 |               4 | 4621 |      0 |   17 |   0 |  0 |    0 |   0 |       0 | clk_div/inst/clk_out1                                     |
| g3        | n/a   | BUFG/O          | None       |          71 |               0 |   71 |      0 |    0 |   0 |  0 |    0 |   0 |       0 | pwm_cluster/pwm1/pwm_clock_divider_clock_selector_CLK_OUT |
| g4        | n/a   | BUFG/O          | None       |          71 |               0 |   71 |      0 |    0 |   0 |  0 |    0 |   0 |       0 | pwm_cluster/pwm2/pwm_clock_divider_clock_selector_CLK_OUT |
| g5        | n/a   | BUFG/O          | None       |          71 |               0 |   71 |      0 |    0 |   0 |  0 |    0 |   0 |       0 | pwm_cluster/pwm3/pwm_clock_divider_clock_selector_CLK_OUT |
| g6        | n/a   | BUFG/O          | None       |          71 |               0 |   71 |      0 |    0 |   0 |  0 |    0 |   0 |       0 | pwm_cluster/pwm4/pwm_clock_divider_clock_selector_CLK_OUT |
| g7        | n/a   | BUFG/O          | None       |          61 |               0 |   61 |      0 |    0 |   0 |  0 |    0 |   0 |       0 | pwm_cluster/pwm5/pwm_clock_divider_clock_selector_CLK_OUT |
+-----------+-------+-----------------+------------+-------------+-----------------+------+--------+------+-----+----+------+-----+---------+-----------------------------------------------------------+
* Clock Loads column represents the clock pin loads (pin count)
** Non-Clock Loads column represents the non-clock pin loads (pin count)
*** Columns FF, LUTRAM, RAMB through 'Hard IP' represents load cell counts


17. Clock Region Cell Placement per Global Clock: Region X0Y1
-------------------------------------------------------------

+-----------+-------+-----------------+------------+-------------+-----------------+------+--------+------+-----+----+------+-----+---------+-----------------------+
| Global Id | Track | Driver Type/Pin | Constraint | Clock Loads | Non-Clock Loads | FF   | LUTRAM | RAMB | DSP | GT | MMCM | PLL | Hard IP | Net                   |
+-----------+-------+-----------------+------------+-------------+-----------------+------+--------+------+-----+----+------+-----+---------+-----------------------+
| g0        | n/a   | BUFG/O          | None       |        3672 |               0 | 3666 |      0 |    5 |   0 |  0 |    0 |   0 |       0 | clk_div/inst/clk_out1 |
| g1        | n/a   | BUFG/O          | None       |           3 |               0 |    3 |      0 |    0 |   0 |  0 |    0 |   0 |       0 | wire_tck_clk_BUFG     |
+-----------+-------+-----------------+------------+-------------+-----------------+------+--------+------+-----+----+------+-----+---------+-----------------------+
* Clock Loads column represents the clock pin loads (pin count)
** Non-Clock Loads column represents the non-clock pin loads (pin count)
*** Columns FF, LUTRAM, RAMB through 'Hard IP' represents load cell counts


18. Clock Region Cell Placement per Global Clock: Region X1Y1
-------------------------------------------------------------

+-----------+-------+-----------------+------------+-------------+-----------------+------+--------+------+-----+----+------+-----+---------+---------------------------------------+
| Global Id | Track | Driver Type/Pin | Constraint | Clock Loads | Non-Clock Loads | FF   | LUTRAM | RAMB | DSP | GT | MMCM | PLL | Hard IP | Net                                   |
+-----------+-------+-----------------+------------+-------------+-----------------+------+--------+------+-----+----+------+-----+---------+---------------------------------------+
| g0        | n/a   | BUFG/O          | None       |        3568 |               0 | 3529 |     32 |    3 |   4 |  0 |    0 |   0 |       0 | clk_div/inst/clk_out1                 |
| g8        | n/a   | BUFG/O          | None       |           1 |               0 |    0 |      0 |    0 |   0 |  0 |    1 |   0 |       0 | clk_div/inst/clkfbout_buf_clk_divider |
+-----------+-------+-----------------+------------+-------------+-----------------+------+--------+------+-----+----+------+-----+---------+---------------------------------------+
* Clock Loads column represents the clock pin loads (pin count)
** Non-Clock Loads column represents the non-clock pin loads (pin count)
*** Columns FF, LUTRAM, RAMB through 'Hard IP' represents load cell counts


19. Clock Region Cell Placement per Global Clock: Region X0Y2
-------------------------------------------------------------

+-----------+-------+-----------------+------------+-------------+-----------------+------+--------+------+-----+----+------+-----+---------+-----------------------+
| Global Id | Track | Driver Type/Pin | Constraint | Clock Loads | Non-Clock Loads | FF   | LUTRAM | RAMB | DSP | GT | MMCM | PLL | Hard IP | Net                   |
+-----------+-------+-----------------+------------+-------------+-----------------+------+--------+------+-----+----+------+-----+---------+-----------------------+
| g0        | n/a   | BUFG/O          | None       |        4379 |               0 | 4379 |      0 |    0 |   0 |  0 |    0 |   0 |       0 | clk_div/inst/clk_out1 |
| g1        | n/a   | BUFG/O          | None       |         309 |               0 |  309 |      0 |    0 |   0 |  0 |    0 |   0 |       0 | wire_tck_clk_BUFG     |
+-----------+-------+-----------------+------------+-------------+-----------------+------+--------+------+-----+----+------+-----+---------+-----------------------+
* Clock Loads column represents the clock pin loads (pin count)
** Non-Clock Loads column represents the non-clock pin loads (pin count)
*** Columns FF, LUTRAM, RAMB through 'Hard IP' represents load cell counts


20. Clock Region Cell Placement per Global Clock: Region X1Y2
-------------------------------------------------------------

+-----------+-------+-----------------+------------+-------------+-----------------+-----+--------+------+-----+----+------+-----+---------+-----------------------+
| Global Id | Track | Driver Type/Pin | Constraint | Clock Loads | Non-Clock Loads | FF  | LUTRAM | RAMB | DSP | GT | MMCM | PLL | Hard IP | Net                   |
+-----------+-------+-----------------+------------+-------------+-----------------+-----+--------+------+-----+----+------+-----+---------+-----------------------+
| g0        | n/a   | BUFG/O          | None       |         864 |               0 | 864 |      0 |    0 |   0 |  0 |    0 |   0 |       0 | clk_div/inst/clk_out1 |
+-----------+-------+-----------------+------------+-------------+-----------------+-----+--------+------+-----+----+------+-----+---------+-----------------------+
* Clock Loads column represents the clock pin loads (pin count)
** Non-Clock Loads column represents the non-clock pin loads (pin count)
*** Columns FF, LUTRAM, RAMB through 'Hard IP' represents load cell counts



# Location of BUFG Primitives 
set_property LOC BUFGCTRL_X0Y0 [get_cells wire_tck_clk_BUFG_inst]
set_property LOC BUFGCTRL_X0Y5 [get_cells dSyncReg1_reg_i_1__3]
set_property LOC BUFGCTRL_X0Y4 [get_cells dSyncReg1_reg_i_1__2]
set_property LOC BUFGCTRL_X0Y3 [get_cells dSyncReg1_reg_i_1__1]
set_property LOC BUFGCTRL_X0Y2 [get_cells dSyncReg1_reg_i_1__0]
set_property LOC BUFGCTRL_X0Y1 [get_cells dSyncReg1_reg_i_1]
set_property LOC BUFGCTRL_X0Y6 [get_cells dSyncReg1_reg_i_1__4]
set_property LOC BUFGCTRL_X0Y17 [get_cells clk_div/inst/clkf_buf]
set_property LOC BUFGCTRL_X0Y16 [get_cells clk_div/inst/clkout1_buf]

# Location of IO Primitives which is load of clock spine

# Location of clock ports
set_property LOC IOB_X1Y76 [get_ports sys_clk]

# Clock net "wire_tck_clk_BUFG" driven by instance "wire_tck_clk_BUFG_inst" located at site "BUFGCTRL_X0Y0"
#startgroup
create_pblock {CLKAG_wire_tck_clk_BUFG}
add_cells_to_pblock [get_pblocks  {CLKAG_wire_tck_clk_BUFG}] [get_cells -filter { PRIMITIVE_GROUP != I/O && IS_PRIMITIVE==1 && PRIMITIVE_LEVEL !=INTERNAL } -of_object [get_pins -filter {DIRECTION==IN} -of_objects [get_nets -hierarchical -filter {PARENT=="wire_tck_clk_BUFG"}]]]
resize_pblock [get_pblocks {CLKAG_wire_tck_clk_BUFG}] -add {CLOCKREGION_X0Y1:CLOCKREGION_X0Y1 CLOCKREGION_X0Y2:CLOCKREGION_X0Y2}
#endgroup

# Clock net "pwm_cluster/pwm5/pwm_clock_divider_clock_selector_CLK_OUT" driven by instance "dSyncReg1_reg_i_1__3" located at site "BUFGCTRL_X0Y5"
#startgroup
create_pblock {CLKAG_pwm_cluster/pwm5/pwm_clock_divider_clock_selector_CLK_OUT}
add_cells_to_pblock [get_pblocks  {CLKAG_pwm_cluster/pwm5/pwm_clock_divider_clock_selector_CLK_OUT}] [get_cells -filter { PRIMITIVE_GROUP != I/O && IS_PRIMITIVE==1 && PRIMITIVE_LEVEL !=INTERNAL } -of_object [get_pins -filter {DIRECTION==IN} -of_objects [get_nets -hierarchical -filter {PARENT=="pwm_cluster/pwm5/pwm_clock_divider_clock_selector_CLK_OUT"}]]]
resize_pblock [get_pblocks {CLKAG_pwm_cluster/pwm5/pwm_clock_divider_clock_selector_CLK_OUT}] -add {CLOCKREGION_X0Y0:CLOCKREGION_X0Y0 CLOCKREGION_X1Y0:CLOCKREGION_X1Y0}
#endgroup

# Clock net "pwm_cluster/pwm4/pwm_clock_divider_clock_selector_CLK_OUT" driven by instance "dSyncReg1_reg_i_1__2" located at site "BUFGCTRL_X0Y4"
#startgroup
create_pblock {CLKAG_pwm_cluster/pwm4/pwm_clock_divider_clock_selector_CLK_OUT}
add_cells_to_pblock [get_pblocks  {CLKAG_pwm_cluster/pwm4/pwm_clock_divider_clock_selector_CLK_OUT}] [get_cells -filter { PRIMITIVE_GROUP != I/O && IS_PRIMITIVE==1 && PRIMITIVE_LEVEL !=INTERNAL } -of_object [get_pins -filter {DIRECTION==IN} -of_objects [get_nets -hierarchical -filter {PARENT=="pwm_cluster/pwm4/pwm_clock_divider_clock_selector_CLK_OUT"}]]]
resize_pblock [get_pblocks {CLKAG_pwm_cluster/pwm4/pwm_clock_divider_clock_selector_CLK_OUT}] -add {CLOCKREGION_X1Y0:CLOCKREGION_X1Y0}
#endgroup

# Clock net "pwm_cluster/pwm3/pwm_clock_divider_clock_selector_CLK_OUT" driven by instance "dSyncReg1_reg_i_1__1" located at site "BUFGCTRL_X0Y3"
#startgroup
create_pblock {CLKAG_pwm_cluster/pwm3/pwm_clock_divider_clock_selector_CLK_OUT}
add_cells_to_pblock [get_pblocks  {CLKAG_pwm_cluster/pwm3/pwm_clock_divider_clock_selector_CLK_OUT}] [get_cells -filter { PRIMITIVE_GROUP != I/O && IS_PRIMITIVE==1 && PRIMITIVE_LEVEL !=INTERNAL } -of_object [get_pins -filter {DIRECTION==IN} -of_objects [get_nets -hierarchical -filter {PARENT=="pwm_cluster/pwm3/pwm_clock_divider_clock_selector_CLK_OUT"}]]]
resize_pblock [get_pblocks {CLKAG_pwm_cluster/pwm3/pwm_clock_divider_clock_selector_CLK_OUT}] -add {CLOCKREGION_X1Y0:CLOCKREGION_X1Y0}
#endgroup

# Clock net "pwm_cluster/pwm2/pwm_clock_divider_clock_selector_CLK_OUT" driven by instance "dSyncReg1_reg_i_1__0" located at site "BUFGCTRL_X0Y2"
#startgroup
create_pblock {CLKAG_pwm_cluster/pwm2/pwm_clock_divider_clock_selector_CLK_OUT}
add_cells_to_pblock [get_pblocks  {CLKAG_pwm_cluster/pwm2/pwm_clock_divider_clock_selector_CLK_OUT}] [get_cells -filter { PRIMITIVE_GROUP != I/O && IS_PRIMITIVE==1 && PRIMITIVE_LEVEL !=INTERNAL } -of_object [get_pins -filter {DIRECTION==IN} -of_objects [get_nets -hierarchical -filter {PARENT=="pwm_cluster/pwm2/pwm_clock_divider_clock_selector_CLK_OUT"}]]]
resize_pblock [get_pblocks {CLKAG_pwm_cluster/pwm2/pwm_clock_divider_clock_selector_CLK_OUT}] -add {CLOCKREGION_X1Y0:CLOCKREGION_X1Y0}
#endgroup

# Clock net "pwm_cluster/pwm1/pwm_clock_divider_clock_selector_CLK_OUT" driven by instance "dSyncReg1_reg_i_1" located at site "BUFGCTRL_X0Y1"
#startgroup
create_pblock {CLKAG_pwm_cluster/pwm1/pwm_clock_divider_clock_selector_CLK_OUT}
add_cells_to_pblock [get_pblocks  {CLKAG_pwm_cluster/pwm1/pwm_clock_divider_clock_selector_CLK_OUT}] [get_cells -filter { PRIMITIVE_GROUP != I/O && IS_PRIMITIVE==1 && PRIMITIVE_LEVEL !=INTERNAL } -of_object [get_pins -filter {DIRECTION==IN} -of_objects [get_nets -hierarchical -filter {PARENT=="pwm_cluster/pwm1/pwm_clock_divider_clock_selector_CLK_OUT"}]]]
resize_pblock [get_pblocks {CLKAG_pwm_cluster/pwm1/pwm_clock_divider_clock_selector_CLK_OUT}] -add {CLOCKREGION_X1Y0:CLOCKREGION_X1Y0}
#endgroup

# Clock net "pwm_cluster/pwm0/pwm_clock_divider_clock_selector_CLK_OUT" driven by instance "dSyncReg1_reg_i_1__4" located at site "BUFGCTRL_X0Y6"
#startgroup
create_pblock {CLKAG_pwm_cluster/pwm0/pwm_clock_divider_clock_selector_CLK_OUT}
add_cells_to_pblock [get_pblocks  {CLKAG_pwm_cluster/pwm0/pwm_clock_divider_clock_selector_CLK_OUT}] [get_cells -filter { PRIMITIVE_GROUP != I/O && IS_PRIMITIVE==1 && PRIMITIVE_LEVEL !=INTERNAL } -of_object [get_pins -filter {DIRECTION==IN} -of_objects [get_nets -hierarchical -filter {PARENT=="pwm_cluster/pwm0/pwm_clock_divider_clock_selector_CLK_OUT"}]]]
resize_pblock [get_pblocks {CLKAG_pwm_cluster/pwm0/pwm_clock_divider_clock_selector_CLK_OUT}] -add {CLOCKREGION_X0Y0:CLOCKREGION_X0Y0}
#endgroup

# Clock net "clk_div/inst/clk_out1" driven by instance "clk_div/inst/clkout1_buf" located at site "BUFGCTRL_X0Y16"
#startgroup
create_pblock {CLKAG_clk_div/inst/clk_out1}
add_cells_to_pblock [get_pblocks  {CLKAG_clk_div/inst/clk_out1}] [get_cells -filter { PRIMITIVE_GROUP != I/O && IS_PRIMITIVE==1 && PRIMITIVE_LEVEL !=INTERNAL } -of_object [get_pins -filter {DIRECTION==IN} -of_objects [get_nets -hierarchical -filter {PARENT=="clk_div/inst/clk_out1"}]]]
resize_pblock [get_pblocks {CLKAG_clk_div/inst/clk_out1}] -add {CLOCKREGION_X0Y0:CLOCKREGION_X0Y0 CLOCKREGION_X0Y1:CLOCKREGION_X0Y1 CLOCKREGION_X0Y2:CLOCKREGION_X0Y2 CLOCKREGION_X1Y0:CLOCKREGION_X1Y0 CLOCKREGION_X1Y1:CLOCKREGION_X1Y1 CLOCKREGION_X1Y2:CLOCKREGION_X1Y2}
#endgroup
